[0.021s] Invoking command in '/home/qnhat/AGV_ws/build/robot_pkg': CMAKE_PREFIX_PATH=${CMAKE_PREFIX_PATH}:/opt/ros/humble /usr/bin/cmake --build /home/qnhat/AGV_ws/build/robot_pkg -- -j4 -l4
[0.104s] Invoked command in '/home/qnhat/AGV_ws/build/robot_pkg' returned '0': CMAKE_PREFIX_PATH=${CMAKE_PREFIX_PATH}:/opt/ros/humble /usr/bin/cmake --build /home/qnhat/AGV_ws/build/robot_pkg -- -j4 -l4
[0.186s] Invoking command in '/home/qnhat/AGV_ws/build/robot_pkg': CMAKE_PREFIX_PATH=${CMAKE_PREFIX_PATH}:/opt/ros/humble /usr/bin/cmake --install /home/qnhat/AGV_ws/build/robot_pkg
[0.201s] -- Install configuration: ""
[0.202s] -- Up-to-date: /home/qnhat/AGV_ws/install/robot_pkg/share/robot_pkg/config
[0.202s] -- Up-to-date: /home/qnhat/AGV_ws/install/robot_pkg/share/robot_pkg/config/joint_names_Model.yaml
[0.202s] -- Up-to-date: /home/qnhat/AGV_ws/install/robot_pkg/share/robot_pkg/launch
[0.203s] -- Up-to-date: /home/qnhat/AGV_ws/install/robot_pkg/share/robot_pkg/launch/robot.launch.py
[0.203s] -- Up-to-date: /home/qnhat/AGV_ws/install/robot_pkg/share/robot_pkg/maps
[0.204s] -- Up-to-date: /home/qnhat/AGV_ws/install/robot_pkg/share/robot_pkg/meshes
[0.204s] -- Up-to-date: /home/qnhat/AGV_ws/install/robot_pkg/share/robot_pkg/meshes/FL_Caster.STL
[0.204s] -- Up-to-date: /home/qnhat/AGV_ws/install/robot_pkg/share/robot_pkg/meshes/RR_Caster.STL
[0.204s] -- Up-to-date: /home/qnhat/AGV_ws/install/robot_pkg/share/robot_pkg/meshes/caster_collision.STL
[0.205s] -- Up-to-date: /home/qnhat/AGV_ws/install/robot_pkg/share/robot_pkg/meshes/base_link_collision.STL
[0.205s] -- Up-to-date: /home/qnhat/AGV_ws/install/robot_pkg/share/robot_pkg/meshes/wheel_collision.STL
[0.206s] -- Up-to-date: /home/qnhat/AGV_ws/install/robot_pkg/share/robot_pkg/meshes/Left_wheel.STL
[0.206s] -- Up-to-date: /home/qnhat/AGV_ws/install/robot_pkg/share/robot_pkg/meshes/RL_Caster.STL
[0.207s] -- Up-to-date: /home/qnhat/AGV_ws/install/robot_pkg/share/robot_pkg/meshes/FR_Caster.STL
[0.207s] -- Up-to-date: /home/qnhat/AGV_ws/install/robot_pkg/share/robot_pkg/meshes/Right_wheel.STL
[0.207s] -- Up-to-date: /home/qnhat/AGV_ws/install/robot_pkg/share/robot_pkg/meshes/base_link.STL
[0.207s] -- Up-to-date: /home/qnhat/AGV_ws/install/robot_pkg/share/robot_pkg/models
[0.207s] -- Up-to-date: /home/qnhat/AGV_ws/install/robot_pkg/share/robot_pkg/models/robot_description
[0.207s] -- Up-to-date: /home/qnhat/AGV_ws/install/robot_pkg/share/robot_pkg/models/robot_description/model.config
[0.207s] -- Up-to-date: /home/qnhat/AGV_ws/install/robot_pkg/share/robot_pkg/params
[0.207s] -- Up-to-date: /home/qnhat/AGV_ws/install/robot_pkg/share/robot_pkg/rviz
[0.208s] -- Up-to-date: /home/qnhat/AGV_ws/install/robot_pkg/share/robot_pkg/rviz/rviz_basic_settings.rviz
[0.208s] -- Up-to-date: /home/qnhat/AGV_ws/install/robot_pkg/share/robot_pkg/src
[0.208s] -- Up-to-date: /home/qnhat/AGV_ws/install/robot_pkg/share/robot_pkg/urdf
[0.208s] -- Up-to-date: /home/qnhat/AGV_ws/install/robot_pkg/share/robot_pkg/urdf/Model.csv
[0.209s] -- Up-to-date: /home/qnhat/AGV_ws/install/robot_pkg/share/robot_pkg/urdf/Model.urdf
[0.209s] -- Up-to-date: /home/qnhat/AGV_ws/install/robot_pkg/share/robot_pkg/worlds
[0.209s] -- Up-to-date: /home/qnhat/AGV_ws/install/robot_pkg/share/robot_pkg/worlds/empty.world
[0.209s] -- Up-to-date: /home/qnhat/AGV_ws/install/robot_pkg/share/robot_pkg/include
[0.209s] -- Up-to-date: /home/qnhat/AGV_ws/install/robot_pkg/share/ament_index/resource_index/package_run_dependencies/robot_pkg
[0.209s] -- Up-to-date: /home/qnhat/AGV_ws/install/robot_pkg/share/ament_index/resource_index/parent_prefix_path/robot_pkg
[0.209s] -- Up-to-date: /home/qnhat/AGV_ws/install/robot_pkg/share/robot_pkg/environment/ament_prefix_path.sh
[0.209s] -- Up-to-date: /home/qnhat/AGV_ws/install/robot_pkg/share/robot_pkg/environment/ament_prefix_path.dsv
[0.210s] -- Up-to-date: /home/qnhat/AGV_ws/install/robot_pkg/share/robot_pkg/environment/path.sh
[0.210s] -- Up-to-date: /home/qnhat/AGV_ws/install/robot_pkg/share/robot_pkg/environment/path.dsv
[0.210s] -- Up-to-date: /home/qnhat/AGV_ws/install/robot_pkg/share/robot_pkg/local_setup.bash
[0.211s] -- Up-to-date: /home/qnhat/AGV_ws/install/robot_pkg/share/robot_pkg/local_setup.sh
[0.212s] -- Up-to-date: /home/qnhat/AGV_ws/install/robot_pkg/share/robot_pkg/local_setup.zsh
[0.213s] -- Up-to-date: /home/qnhat/AGV_ws/install/robot_pkg/share/robot_pkg/local_setup.dsv
[0.213s] -- Up-to-date: /home/qnhat/AGV_ws/install/robot_pkg/share/robot_pkg/package.dsv
[0.214s] -- Up-to-date: /home/qnhat/AGV_ws/install/robot_pkg/share/ament_index/resource_index/packages/robot_pkg
[0.214s] -- Up-to-date: /home/qnhat/AGV_ws/install/robot_pkg/share/robot_pkg/cmake/robot_pkgConfig.cmake
[0.215s] -- Up-to-date: /home/qnhat/AGV_ws/install/robot_pkg/share/robot_pkg/cmake/robot_pkgConfig-version.cmake
[0.215s] -- Up-to-date: /home/qnhat/AGV_ws/install/robot_pkg/share/robot_pkg/package.xml
[0.217s] Invoked command in '/home/qnhat/AGV_ws/build/robot_pkg' returned '0': CMAKE_PREFIX_PATH=${CMAKE_PREFIX_PATH}:/opt/ros/humble /usr/bin/cmake --install /home/qnhat/AGV_ws/build/robot_pkg
