[0.573s] Invoking command in '/home/tom/ros2_ws/build/examples_rclpy_minimal_service': PYTHONPATH=/home/tom/ros2_ws/build/examples_rclpy_minimal_service/prefix_override:/usr/lib/python3/dist-packages/colcon_core/task/python/colcon_distutils_commands:/home/tom/ros2_ws/install/examples_rclpy_minimal_service/lib/python3.10/site-packages:${PYTHONPATH} /usr/bin/python3 -W ignore:setup.py install is deprecated setup.py develop --editable --build-directory /home/tom/ros2_ws/build/examples_rclpy_minimal_service/build --no-deps symlink_data
[0.815s] running develop
[0.815s] /usr/lib/python3/dist-packages/setuptools/command/easy_install.py:158: EasyInstallDeprecationWarning: easy_install command is deprecated. Use build and pip and other standards-based tools.
[0.815s]   warnings.warn(
[0.977s] running egg_info
[0.977s] creating examples_rclpy_minimal_service.egg-info
[0.978s] writing examples_rclpy_minimal_service.egg-info/PKG-INFO
[0.978s] writing dependency_links to examples_rclpy_minimal_service.egg-info/dependency_links.txt
[0.978s] writing entry points to examples_rclpy_minimal_service.egg-info/entry_points.txt
[0.979s] writing requirements to examples_rclpy_minimal_service.egg-info/requires.txt
[0.979s] writing top-level names to examples_rclpy_minimal_service.egg-info/top_level.txt
[0.979s] writing manifest file 'examples_rclpy_minimal_service.egg-info/SOURCES.txt'
[0.981s] reading manifest file 'examples_rclpy_minimal_service.egg-info/SOURCES.txt'
[0.982s] writing manifest file 'examples_rclpy_minimal_service.egg-info/SOURCES.txt'
[0.983s] running build_ext
[0.983s] Creating /home/tom/ros2_ws/install/examples_rclpy_minimal_service/lib/python3.10/site-packages/examples-rclpy-minimal-service.egg-link (link to .)
[0.984s] Installing service script to /home/tom/ros2_ws/install/examples_rclpy_minimal_service/lib/examples_rclpy_minimal_service
[0.985s] Installing service_member_function script to /home/tom/ros2_ws/install/examples_rclpy_minimal_service/lib/examples_rclpy_minimal_service
[0.985s] 
[0.985s] Installed /home/tom/ros2_ws/build/examples_rclpy_minimal_service
[0.985s] running symlink_data
[0.985s] creating /home/tom/ros2_ws/install/examples_rclpy_minimal_service/share/ament_index
[0.986s] creating /home/tom/ros2_ws/install/examples_rclpy_minimal_service/share/ament_index/resource_index
[0.986s] creating /home/tom/ros2_ws/install/examples_rclpy_minimal_service/share/ament_index/resource_index/packages
[0.986s] symbolically linking /home/tom/ros2_ws/build/examples_rclpy_minimal_service/resource/examples_rclpy_minimal_service -> /home/tom/ros2_ws/install/examples_rclpy_minimal_service/share/ament_index/resource_index/packages
[0.986s] symbolically linking /home/tom/ros2_ws/build/examples_rclpy_minimal_service/package.xml -> /home/tom/ros2_ws/install/examples_rclpy_minimal_service/share/examples_rclpy_minimal_service
[1.012s] Invoked command in '/home/tom/ros2_ws/build/examples_rclpy_minimal_service' returned '0': PYTHONPATH=/home/tom/ros2_ws/build/examples_rclpy_minimal_service/prefix_override:/usr/lib/python3/dist-packages/colcon_core/task/python/colcon_distutils_commands:/home/tom/ros2_ws/install/examples_rclpy_minimal_service/lib/python3.10/site-packages:${PYTHONPATH} /usr/bin/python3 -W ignore:setup.py install is deprecated setup.py develop --editable --build-directory /home/tom/ros2_ws/build/examples_rclpy_minimal_service/build --no-deps symlink_data
