[0.584s] Invoking command in '/home/tom/ros2_ws/build/examples_rclpy_minimal_action_server': PYTHONPATH=/home/tom/ros2_ws/build/examples_rclpy_minimal_action_server/prefix_override:/usr/lib/python3/dist-packages/colcon_core/task/python/colcon_distutils_commands:/home/tom/ros2_ws/install/examples_rclpy_minimal_action_server/lib/python3.10/site-packages:${PYTHONPATH} /usr/bin/python3 -W ignore:setup.py install is deprecated setup.py develop --editable --build-directory /home/tom/ros2_ws/build/examples_rclpy_minimal_action_server/build --no-deps symlink_data
[0.836s] running develop
[0.836s] /usr/lib/python3/dist-packages/setuptools/command/easy_install.py:158: EasyInstallDeprecationWarning: easy_install command is deprecated. Use build and pip and other standards-based tools.
[0.836s]   warnings.warn(
[0.993s] running egg_info
[0.993s] creating examples_rclpy_minimal_action_server.egg-info
[0.994s] writing examples_rclpy_minimal_action_server.egg-info/PKG-INFO
[0.994s] writing dependency_links to examples_rclpy_minimal_action_server.egg-info/dependency_links.txt
[0.994s] writing entry points to examples_rclpy_minimal_action_server.egg-info/entry_points.txt
[0.994s] writing requirements to examples_rclpy_minimal_action_server.egg-info/requires.txt
[0.995s] writing top-level names to examples_rclpy_minimal_action_server.egg-info/top_level.txt
[0.995s] writing manifest file 'examples_rclpy_minimal_action_server.egg-info/SOURCES.txt'
[0.997s] reading manifest file 'examples_rclpy_minimal_action_server.egg-info/SOURCES.txt'
[0.997s] writing manifest file 'examples_rclpy_minimal_action_server.egg-info/SOURCES.txt'
[0.999s] running build_ext
[0.999s] Creating /home/tom/ros2_ws/install/examples_rclpy_minimal_action_server/lib/python3.10/site-packages/examples-rclpy-minimal-action-server.egg-link (link to .)
[1.000s] Installing server script to /home/tom/ros2_ws/install/examples_rclpy_minimal_action_server/lib/examples_rclpy_minimal_action_server
[1.000s] Installing server_defer script to /home/tom/ros2_ws/install/examples_rclpy_minimal_action_server/lib/examples_rclpy_minimal_action_server
[1.000s] Installing server_not_composable script to /home/tom/ros2_ws/install/examples_rclpy_minimal_action_server/lib/examples_rclpy_minimal_action_server
[1.001s] Installing server_queue_goals script to /home/tom/ros2_ws/install/examples_rclpy_minimal_action_server/lib/examples_rclpy_minimal_action_server
[1.001s] Installing server_single_goal script to /home/tom/ros2_ws/install/examples_rclpy_minimal_action_server/lib/examples_rclpy_minimal_action_server
[1.001s] 
[1.001s] Installed /home/tom/ros2_ws/build/examples_rclpy_minimal_action_server
[1.002s] running symlink_data
[1.002s] creating /home/tom/ros2_ws/install/examples_rclpy_minimal_action_server/share/ament_index
[1.002s] creating /home/tom/ros2_ws/install/examples_rclpy_minimal_action_server/share/ament_index/resource_index
[1.002s] creating /home/tom/ros2_ws/install/examples_rclpy_minimal_action_server/share/ament_index/resource_index/packages
[1.003s] symbolically linking /home/tom/ros2_ws/build/examples_rclpy_minimal_action_server/resource/examples_rclpy_minimal_action_server -> /home/tom/ros2_ws/install/examples_rclpy_minimal_action_server/share/ament_index/resource_index/packages
[1.003s] symbolically linking /home/tom/ros2_ws/build/examples_rclpy_minimal_action_server/package.xml -> /home/tom/ros2_ws/install/examples_rclpy_minimal_action_server/share/examples_rclpy_minimal_action_server
[1.030s] Invoked command in '/home/tom/ros2_ws/build/examples_rclpy_minimal_action_server' returned '0': PYTHONPATH=/home/tom/ros2_ws/build/examples_rclpy_minimal_action_server/prefix_override:/usr/lib/python3/dist-packages/colcon_core/task/python/colcon_distutils_commands:/home/tom/ros2_ws/install/examples_rclpy_minimal_action_server/lib/python3.10/site-packages:${PYTHONPATH} /usr/bin/python3 -W ignore:setup.py install is deprecated setup.py develop --editable --build-directory /home/tom/ros2_ws/build/examples_rclpy_minimal_action_server/build --no-deps symlink_data
