[0.035s] Invoking command in '/home/tom/ros2_ws/build/examples_rclcpp_minimal_action_client': CMAKE_PREFIX_PATH=/opt/ros/humble /usr/bin/cmake /home/tom/ros2_ws/src/examples/rclcpp/actions/minimal_action_client -DAMENT_CMAKE_SYMLINK_INSTALL=1 -DCMAKE_INSTALL_PREFIX=/home/tom/ros2_ws/install/examples_rclcpp_minimal_action_client
[0.177s] -- The C compiler identification is GNU 11.4.0
[0.307s] -- The CXX compiler identification is GNU 11.4.0
[0.325s] -- Detecting C compiler ABI info
[0.578s] -- Detecting C compiler ABI info - done
[0.595s] -- Check for working C compiler: /usr/bin/cc - skipped
[0.595s] -- Detecting C compile features
[0.595s] -- Detecting C compile features - done
[0.598s] -- Detecting CXX compiler ABI info
[0.858s] -- Detecting CXX compiler ABI info - done
[0.867s] -- Check for working CXX compiler: /usr/bin/c++ - skipped
[0.867s] -- Detecting CXX compile features
[0.867s] -- Detecting CXX compile features - done
[0.874s] -- Found ament_cmake: 1.3.9 (/opt/ros/humble/share/ament_cmake/cmake)
[1.097s] -- Found Python3: /usr/bin/python3 (found version "3.10.12") found components: Interpreter 
[1.220s] -- Override CMake install command with custom implementation using symlinks instead of copying resources
[1.267s] -- Found example_interfaces: 0.9.3 (/opt/ros/humble/share/example_interfaces/cmake)
[1.326s] -- Found rosidl_generator_c: 3.1.5 (/opt/ros/humble/share/rosidl_generator_c/cmake)
[1.338s] -- Found rosidl_adapter: 3.1.5 (/opt/ros/humble/share/rosidl_adapter/cmake)
[1.355s] -- Found rosidl_generator_cpp: 3.1.5 (/opt/ros/humble/share/rosidl_generator_cpp/cmake)
[1.377s] -- Using all available rosidl_typesupport_c: rosidl_typesupport_fastrtps_c;rosidl_typesupport_introspection_c
[1.394s] -- Using all available rosidl_typesupport_cpp: rosidl_typesupport_fastrtps_cpp;rosidl_typesupport_introspection_cpp
[1.582s] -- Found rclcpp: 16.0.9 (/opt/ros/humble/share/rclcpp/cmake)
[1.673s] -- Found rmw_implementation_cmake: 6.1.2 (/opt/ros/humble/share/rmw_implementation_cmake/cmake)
[1.675s] -- Found rmw_fastrtps_cpp: 6.2.6 (/opt/ros/humble/share/rmw_fastrtps_cpp/cmake)
[1.771s] -- Found OpenSSL: /usr/lib/x86_64-linux-gnu/libcrypto.so (found version "3.0.2")  
[1.791s] -- Found FastRTPS: /opt/ros/humble/include  
[1.832s] -- Using RMW implementation 'rmw_fastrtps_cpp' as default
[1.840s] -- Looking for pthread.h
[1.914s] -- Looking for pthread.h - found
[1.915s] -- Performing Test CMAKE_HAVE_LIBC_PTHREAD
[1.994s] -- Performing Test CMAKE_HAVE_LIBC_PTHREAD - Success
[1.995s] -- Found Threads: TRUE  
[2.183s] -- Found rclcpp_action: 16.0.9 (/opt/ros/humble/share/rclcpp_action/cmake)
[2.224s] -- Found ament_lint_auto: 0.12.11 (/opt/ros/humble/share/ament_lint_auto/cmake)
[2.334s] -- Added test 'copyright' to check source files copyright and LICENSE
[2.335s] -- Added test 'cppcheck' to perform static code analysis on C / C++ code
[2.335s] -- Configured cppcheck include dirs: 
[2.335s] -- Configured cppcheck exclude dirs and/or files: 
[2.336s] -- Added test 'cpplint' to check C / C++ code against the Google style
[2.336s] -- Configured cpplint exclude dirs and/or files: 
[2.336s] -- Added test 'lint_cmake' to check CMake code style
[2.337s] -- Added test 'uncrustify' to check C / C++ code style
[2.338s] -- Configured uncrustify additional arguments: 
[2.338s] -- Added test 'xmllint' to check XML markup files
[2.339s] -- Configuring done
[2.358s] -- Generating done
[2.360s] -- Build files have been written to: /home/tom/ros2_ws/build/examples_rclcpp_minimal_action_client
[2.367s] Invoked command in '/home/tom/ros2_ws/build/examples_rclcpp_minimal_action_client' returned '0': CMAKE_PREFIX_PATH=/opt/ros/humble /usr/bin/cmake /home/tom/ros2_ws/src/examples/rclcpp/actions/minimal_action_client -DAMENT_CMAKE_SYMLINK_INSTALL=1 -DCMAKE_INSTALL_PREFIX=/home/tom/ros2_ws/install/examples_rclcpp_minimal_action_client
[2.374s] Invoking command in '/home/tom/ros2_ws/build/examples_rclcpp_minimal_action_client': CMAKE_PREFIX_PATH=/opt/ros/humble /usr/bin/cmake --build /home/tom/ros2_ws/build/examples_rclcpp_minimal_action_client -- -j2 -l2
[2.539s] [ 12%] [32mBuilding CXX object CMakeFiles/action_client_member_functions.dir/member_functions.cpp.o[0m
[2.554s] [ 25%] [32mBuilding CXX object CMakeFiles/action_client_not_composable.dir/not_composable.cpp.o[0m
[16.736s] [ 37%] [32m[1mLinking CXX executable action_client_not_composable[0m
[17.156s] [ 37%] Built target action_client_not_composable
[17.271s] [ 50%] [32mBuilding CXX object CMakeFiles/action_client_not_composable_with_cancel.dir/not_composable_with_cancel.cpp.o[0m
[17.642s] [ 62%] [32m[1mLinking CXX executable action_client_member_functions[0m
[18.051s] [ 62%] Built target action_client_member_functions
[18.162s] [ 75%] [32mBuilding CXX object CMakeFiles/action_client_not_composable_with_feedback.dir/not_composable_with_feedback.cpp.o[0m
[26.184s] [ 87%] [32m[1mLinking CXX executable action_client_not_composable_with_cancel[0m
[26.440s] [100%] [32m[1mLinking CXX executable action_client_not_composable_with_feedback[0m
[26.613s] [100%] Built target action_client_not_composable_with_cancel
[26.815s] [100%] Built target action_client_not_composable_with_feedback
[26.852s] Invoked command in '/home/tom/ros2_ws/build/examples_rclcpp_minimal_action_client' returned '0': CMAKE_PREFIX_PATH=/opt/ros/humble /usr/bin/cmake --build /home/tom/ros2_ws/build/examples_rclcpp_minimal_action_client -- -j2 -l2
[27.146s] Invoking command in '/home/tom/ros2_ws/build/examples_rclcpp_minimal_action_client': CMAKE_PREFIX_PATH=/opt/ros/humble /usr/bin/cmake --install /home/tom/ros2_ws/build/examples_rclcpp_minimal_action_client
[27.168s] -- Install configuration: ""
[27.169s] -- Execute custom install script
[27.169s] -- Symlinking: /home/tom/ros2_ws/install/examples_rclcpp_minimal_action_client/lib/examples_rclcpp_minimal_action_client/action_client_member_functions
[27.195s] -- Symlinking: /home/tom/ros2_ws/install/examples_rclcpp_minimal_action_client/lib/examples_rclcpp_minimal_action_client/action_client_not_composable
[27.217s] -- Symlinking: /home/tom/ros2_ws/install/examples_rclcpp_minimal_action_client/lib/examples_rclcpp_minimal_action_client/action_client_not_composable_with_cancel
[27.241s] -- Symlinking: /home/tom/ros2_ws/install/examples_rclcpp_minimal_action_client/lib/examples_rclcpp_minimal_action_client/action_client_not_composable_with_feedback
[27.257s] -- Symlinking: /home/tom/ros2_ws/install/examples_rclcpp_minimal_action_client/share/ament_index/resource_index/package_run_dependencies/examples_rclcpp_minimal_action_client
[27.278s] -- Symlinking: /home/tom/ros2_ws/install/examples_rclcpp_minimal_action_client/share/ament_index/resource_index/parent_prefix_path/examples_rclcpp_minimal_action_client
[27.300s] -- Symlinking: /home/tom/ros2_ws/install/examples_rclcpp_minimal_action_client/share/examples_rclcpp_minimal_action_client/environment/ament_prefix_path.sh
[27.327s] -- Symlinking: /home/tom/ros2_ws/install/examples_rclcpp_minimal_action_client/share/examples_rclcpp_minimal_action_client/environment/ament_prefix_path.dsv
[27.357s] -- Symlinking: /home/tom/ros2_ws/install/examples_rclcpp_minimal_action_client/share/examples_rclcpp_minimal_action_client/environment/path.sh
[27.380s] -- Symlinking: /home/tom/ros2_ws/install/examples_rclcpp_minimal_action_client/share/examples_rclcpp_minimal_action_client/environment/path.dsv
[27.404s] -- Symlinking: /home/tom/ros2_ws/install/examples_rclcpp_minimal_action_client/share/examples_rclcpp_minimal_action_client/local_setup.bash
[27.432s] -- Symlinking: /home/tom/ros2_ws/install/examples_rclcpp_minimal_action_client/share/examples_rclcpp_minimal_action_client/local_setup.sh
[27.464s] -- Symlinking: /home/tom/ros2_ws/install/examples_rclcpp_minimal_action_client/share/examples_rclcpp_minimal_action_client/local_setup.zsh
[27.488s] -- Symlinking: /home/tom/ros2_ws/install/examples_rclcpp_minimal_action_client/share/examples_rclcpp_minimal_action_client/local_setup.dsv
[27.513s] -- Symlinking: /home/tom/ros2_ws/install/examples_rclcpp_minimal_action_client/share/examples_rclcpp_minimal_action_client/package.dsv
[27.542s] -- Symlinking: /home/tom/ros2_ws/install/examples_rclcpp_minimal_action_client/share/ament_index/resource_index/packages/examples_rclcpp_minimal_action_client
[27.568s] -- Symlinking: /home/tom/ros2_ws/install/examples_rclcpp_minimal_action_client/share/examples_rclcpp_minimal_action_client/cmake/examples_rclcpp_minimal_action_clientConfig.cmake
[27.591s] -- Symlinking: /home/tom/ros2_ws/install/examples_rclcpp_minimal_action_client/share/examples_rclcpp_minimal_action_client/cmake/examples_rclcpp_minimal_action_clientConfig-version.cmake
[27.615s] -- Symlinking: /home/tom/ros2_ws/install/examples_rclcpp_minimal_action_client/share/examples_rclcpp_minimal_action_client/package.xml
[27.648s] Invoked command in '/home/tom/ros2_ws/build/examples_rclcpp_minimal_action_client' returned '0': CMAKE_PREFIX_PATH=/opt/ros/humble /usr/bin/cmake --install /home/tom/ros2_ws/build/examples_rclcpp_minimal_action_client
