[0.594s] Invoking command in '/home/tom/ros2_ws/build/examples_rclpy_guard_conditions': PYTHONPATH=/home/tom/ros2_ws/build/examples_rclpy_guard_conditions/prefix_override:/usr/lib/python3/dist-packages/colcon_core/task/python/colcon_distutils_commands:/home/tom/ros2_ws/install/examples_rclpy_guard_conditions/lib/python3.10/site-packages:${PYTHONPATH} /usr/bin/python3 -W ignore:setup.py install is deprecated setup.py develop --editable --build-directory /home/tom/ros2_ws/build/examples_rclpy_guard_conditions/build --no-deps symlink_data
[0.838s] running develop
[0.839s] /usr/lib/python3/dist-packages/setuptools/command/easy_install.py:158: EasyInstallDeprecationWarning: easy_install command is deprecated. Use build and pip and other standards-based tools.
[0.839s]   warnings.warn(
[1.003s] running egg_info
[1.003s] creating examples_rclpy_guard_conditions.egg-info
[1.004s] writing examples_rclpy_guard_conditions.egg-info/PKG-INFO
[1.004s] writing dependency_links to examples_rclpy_guard_conditions.egg-info/dependency_links.txt
[1.004s] writing entry points to examples_rclpy_guard_conditions.egg-info/entry_points.txt
[1.004s] writing requirements to examples_rclpy_guard_conditions.egg-info/requires.txt
[1.005s] writing top-level names to examples_rclpy_guard_conditions.egg-info/top_level.txt
[1.005s] writing manifest file 'examples_rclpy_guard_conditions.egg-info/SOURCES.txt'
[1.006s] reading manifest file 'examples_rclpy_guard_conditions.egg-info/SOURCES.txt'
[1.007s] writing manifest file 'examples_rclpy_guard_conditions.egg-info/SOURCES.txt'
[1.008s] running build_ext
[1.009s] Creating /home/tom/ros2_ws/install/examples_rclpy_guard_conditions/lib/python3.10/site-packages/examples-rclpy-guard-conditions.egg-link (link to .)
[1.010s] Installing trigger_guard_condition script to /home/tom/ros2_ws/install/examples_rclpy_guard_conditions/lib/examples_rclpy_guard_conditions
[1.011s] 
[1.011s] Installed /home/tom/ros2_ws/build/examples_rclpy_guard_conditions
[1.011s] running symlink_data
[1.011s] creating /home/tom/ros2_ws/install/examples_rclpy_guard_conditions/share/ament_index
[1.011s] creating /home/tom/ros2_ws/install/examples_rclpy_guard_conditions/share/ament_index/resource_index
[1.012s] creating /home/tom/ros2_ws/install/examples_rclpy_guard_conditions/share/ament_index/resource_index/packages
[1.012s] symbolically linking /home/tom/ros2_ws/build/examples_rclpy_guard_conditions/resource/examples_rclpy_guard_conditions -> /home/tom/ros2_ws/install/examples_rclpy_guard_conditions/share/ament_index/resource_index/packages
[1.012s] symbolically linking /home/tom/ros2_ws/build/examples_rclpy_guard_conditions/package.xml -> /home/tom/ros2_ws/install/examples_rclpy_guard_conditions/share/examples_rclpy_guard_conditions
[1.043s] Invoked command in '/home/tom/ros2_ws/build/examples_rclpy_guard_conditions' returned '0': PYTHONPATH=/home/tom/ros2_ws/build/examples_rclpy_guard_conditions/prefix_override:/usr/lib/python3/dist-packages/colcon_core/task/python/colcon_distutils_commands:/home/tom/ros2_ws/install/examples_rclpy_guard_conditions/lib/python3.10/site-packages:${PYTHONPATH} /usr/bin/python3 -W ignore:setup.py install is deprecated setup.py develop --editable --build-directory /home/tom/ros2_ws/build/examples_rclpy_guard_conditions/build --no-deps symlink_data
