[0.664s] Invoking command in '/home/tom/ros2_ws/build/examples_rclpy_executors': PYTHONPATH=/home/tom/ros2_ws/build/examples_rclpy_executors/prefix_override:/usr/lib/python3/dist-packages/colcon_core/task/python/colcon_distutils_commands:/home/tom/ros2_ws/install/examples_rclpy_executors/lib/python3.10/site-packages:${PYTHONPATH} /usr/bin/python3 -W ignore:setup.py install is deprecated setup.py develop --editable --build-directory /home/tom/ros2_ws/build/examples_rclpy_executors/build --no-deps symlink_data
[0.914s] running develop
[0.916s] /usr/lib/python3/dist-packages/setuptools/command/easy_install.py:158: EasyInstallDeprecationWarning: easy_install command is deprecated. Use build and pip and other standards-based tools.
[0.916s]   warnings.warn(
[1.077s] running egg_info
[1.077s] creating examples_rclpy_executors.egg-info
[1.077s] writing examples_rclpy_executors.egg-info/PKG-INFO
[1.078s] writing dependency_links to examples_rclpy_executors.egg-info/dependency_links.txt
[1.078s] writing entry points to examples_rclpy_executors.egg-info/entry_points.txt
[1.078s] writing requirements to examples_rclpy_executors.egg-info/requires.txt
[1.079s] writing top-level names to examples_rclpy_executors.egg-info/top_level.txt
[1.079s] writing manifest file 'examples_rclpy_executors.egg-info/SOURCES.txt'
[1.081s] reading manifest file 'examples_rclpy_executors.egg-info/SOURCES.txt'
[1.081s] writing manifest file 'examples_rclpy_executors.egg-info/SOURCES.txt'
[1.083s] running build_ext
[1.083s] Creating /home/tom/ros2_ws/install/examples_rclpy_executors/lib/python3.10/site-packages/examples-rclpy-executors.egg-link (link to .)
[1.084s] Installing callback_group script to /home/tom/ros2_ws/install/examples_rclpy_executors/lib/examples_rclpy_executors
[1.084s] Installing composed script to /home/tom/ros2_ws/install/examples_rclpy_executors/lib/examples_rclpy_executors
[1.085s] Installing custom_callback_group script to /home/tom/ros2_ws/install/examples_rclpy_executors/lib/examples_rclpy_executors
[1.085s] Installing custom_executor script to /home/tom/ros2_ws/install/examples_rclpy_executors/lib/examples_rclpy_executors
[1.085s] Installing listener script to /home/tom/ros2_ws/install/examples_rclpy_executors/lib/examples_rclpy_executors
[1.085s] Installing talker script to /home/tom/ros2_ws/install/examples_rclpy_executors/lib/examples_rclpy_executors
[1.086s] 
[1.086s] Installed /home/tom/ros2_ws/build/examples_rclpy_executors
[1.086s] running symlink_data
[1.086s] creating /home/tom/ros2_ws/install/examples_rclpy_executors/share/ament_index
[1.086s] creating /home/tom/ros2_ws/install/examples_rclpy_executors/share/ament_index/resource_index
[1.087s] creating /home/tom/ros2_ws/install/examples_rclpy_executors/share/ament_index/resource_index/packages
[1.087s] symbolically linking /home/tom/ros2_ws/build/examples_rclpy_executors/resource/examples_rclpy_executors -> /home/tom/ros2_ws/install/examples_rclpy_executors/share/ament_index/resource_index/packages
[1.087s] symbolically linking /home/tom/ros2_ws/build/examples_rclpy_executors/package.xml -> /home/tom/ros2_ws/install/examples_rclpy_executors/share/examples_rclpy_executors
[1.115s] Invoked command in '/home/tom/ros2_ws/build/examples_rclpy_executors' returned '0': PYTHONPATH=/home/tom/ros2_ws/build/examples_rclpy_executors/prefix_override:/usr/lib/python3/dist-packages/colcon_core/task/python/colcon_distutils_commands:/home/tom/ros2_ws/install/examples_rclpy_executors/lib/python3.10/site-packages:${PYTHONPATH} /usr/bin/python3 -W ignore:setup.py install is deprecated setup.py develop --editable --build-directory /home/tom/ros2_ws/build/examples_rclpy_executors/build --no-deps symlink_data
