[0.019s] Invoking command in '/home/tom/ros2_ws/build/examples_rclcpp_async_client': CMAKE_PREFIX_PATH=/opt/ros/humble /usr/bin/cmake /home/tom/ros2_ws/src/examples/rclcpp/services/async_client -DAMENT_CMAKE_SYMLINK_INSTALL=1 -DCMAKE_INSTALL_PREFIX=/home/tom/ros2_ws/install/examples_rclcpp_async_client
[0.244s] -- The C compiler identification is GNU 11.4.0
[0.411s] -- The CXX compiler identification is GNU 11.4.0
[0.429s] -- Detecting C compiler ABI info
[0.523s] -- Detecting C compiler ABI info - done
[0.523s] -- Check for working C compiler: /usr/bin/cc - skipped
[0.525s] -- Detecting C compile features
[0.526s] -- Detecting C compile features - done
[0.533s] -- Detecting CXX compiler ABI info
[0.623s] -- Detecting CXX compiler ABI info - done
[0.624s] -- Check for working CXX compiler: /usr/bin/c++ - skipped
[0.624s] -- Detecting CXX compile features
[0.625s] -- Detecting CXX compile features - done
[0.641s] -- Found ament_cmake: 1.3.9 (/opt/ros/humble/share/ament_cmake/cmake)
[0.789s] -- Found Python3: /usr/bin/python3 (found version "3.10.12") found components: Interpreter 
[0.870s] -- Override CMake install command with custom implementation using symlinks instead of copying resources
[0.927s] -- Found example_interfaces: 0.9.3 (/opt/ros/humble/share/example_interfaces/cmake)
[1.001s] -- Found rosidl_generator_c: 3.1.5 (/opt/ros/humble/share/rosidl_generator_c/cmake)
[1.010s] -- Found rosidl_adapter: 3.1.5 (/opt/ros/humble/share/rosidl_adapter/cmake)
[1.028s] -- Found rosidl_generator_cpp: 3.1.5 (/opt/ros/humble/share/rosidl_generator_cpp/cmake)
[1.058s] -- Using all available rosidl_typesupport_c: rosidl_typesupport_fastrtps_c;rosidl_typesupport_introspection_c
[1.090s] -- Using all available rosidl_typesupport_cpp: rosidl_typesupport_fastrtps_cpp;rosidl_typesupport_introspection_cpp
[1.307s] -- Found rclcpp: 16.0.9 (/opt/ros/humble/share/rclcpp/cmake)
[1.363s] -- Found rmw_implementation_cmake: 6.1.2 (/opt/ros/humble/share/rmw_implementation_cmake/cmake)
[1.366s] -- Found rmw_fastrtps_cpp: 6.2.6 (/opt/ros/humble/share/rmw_fastrtps_cpp/cmake)
[1.477s] -- Found OpenSSL: /usr/lib/x86_64-linux-gnu/libcrypto.so (found version "3.0.2")  
[1.503s] -- Found FastRTPS: /opt/ros/humble/include  
[1.547s] -- Using RMW implementation 'rmw_fastrtps_cpp' as default
[1.555s] -- Looking for pthread.h
[1.674s] -- Looking for pthread.h - found
[1.674s] -- Performing Test CMAKE_HAVE_LIBC_PTHREAD
[1.787s] -- Performing Test CMAKE_HAVE_LIBC_PTHREAD - Success
[1.788s] -- Found Threads: TRUE  
[1.950s] -- Found ament_lint_auto: 0.12.11 (/opt/ros/humble/share/ament_lint_auto/cmake)
[2.045s] -- Added test 'copyright' to check source files copyright and LICENSE
[2.046s] -- Added test 'cppcheck' to perform static code analysis on C / C++ code
[2.046s] -- Configured cppcheck include dirs: 
[2.046s] -- Configured cppcheck exclude dirs and/or files: 
[2.047s] -- Added test 'cpplint' to check C / C++ code against the Google style
[2.047s] -- Configured cpplint exclude dirs and/or files: 
[2.047s] -- Added test 'lint_cmake' to check CMake code style
[2.048s] -- Added test 'uncrustify' to check C / C++ code style
[2.048s] -- Configured uncrustify additional arguments: 
[2.048s] -- Added test 'xmllint' to check XML markup files
[2.050s] -- Configuring done
[2.058s] -- Generating done
[2.059s] -- Build files have been written to: /home/tom/ros2_ws/build/examples_rclcpp_async_client
[2.067s] Invoked command in '/home/tom/ros2_ws/build/examples_rclcpp_async_client' returned '0': CMAKE_PREFIX_PATH=/opt/ros/humble /usr/bin/cmake /home/tom/ros2_ws/src/examples/rclcpp/services/async_client -DAMENT_CMAKE_SYMLINK_INSTALL=1 -DCMAKE_INSTALL_PREFIX=/home/tom/ros2_ws/install/examples_rclcpp_async_client
[2.068s] Invoking command in '/home/tom/ros2_ws/build/examples_rclcpp_async_client': CMAKE_PREFIX_PATH=/opt/ros/humble /usr/bin/cmake --build /home/tom/ros2_ws/build/examples_rclcpp_async_client -- -j2 -l2
[2.143s] [ 50%] [32mBuilding CXX object CMakeFiles/client_main.dir/main.cpp.o[0m
[12.270s] [100%] [32m[1mLinking CXX executable client_main[0m
[12.572s] [100%] Built target client_main
[12.602s] Invoked command in '/home/tom/ros2_ws/build/examples_rclcpp_async_client' returned '0': CMAKE_PREFIX_PATH=/opt/ros/humble /usr/bin/cmake --build /home/tom/ros2_ws/build/examples_rclcpp_async_client -- -j2 -l2
[12.819s] Invoking command in '/home/tom/ros2_ws/build/examples_rclcpp_async_client': CMAKE_PREFIX_PATH=/opt/ros/humble /usr/bin/cmake --install /home/tom/ros2_ws/build/examples_rclcpp_async_client
[12.829s] -- Install configuration: ""
[12.840s] -- Execute custom install script
[12.840s] -- Symlinking: /home/tom/ros2_ws/install/examples_rclcpp_async_client/lib/examples_rclcpp_async_client/client_main
[12.858s] -- Symlinking: /home/tom/ros2_ws/install/examples_rclcpp_async_client/share/ament_index/resource_index/package_run_dependencies/examples_rclcpp_async_client
[12.882s] -- Symlinking: /home/tom/ros2_ws/install/examples_rclcpp_async_client/share/ament_index/resource_index/parent_prefix_path/examples_rclcpp_async_client
[12.903s] -- Symlinking: /home/tom/ros2_ws/install/examples_rclcpp_async_client/share/examples_rclcpp_async_client/environment/ament_prefix_path.sh
[12.916s] -- Symlinking: /home/tom/ros2_ws/install/examples_rclcpp_async_client/share/examples_rclcpp_async_client/environment/ament_prefix_path.dsv
[12.935s] -- Symlinking: /home/tom/ros2_ws/install/examples_rclcpp_async_client/share/examples_rclcpp_async_client/environment/path.sh
[12.964s] -- Symlinking: /home/tom/ros2_ws/install/examples_rclcpp_async_client/share/examples_rclcpp_async_client/environment/path.dsv
[12.980s] -- Symlinking: /home/tom/ros2_ws/install/examples_rclcpp_async_client/share/examples_rclcpp_async_client/local_setup.bash
[12.992s] -- Symlinking: /home/tom/ros2_ws/install/examples_rclcpp_async_client/share/examples_rclcpp_async_client/local_setup.sh
[13.001s] -- Symlinking: /home/tom/ros2_ws/install/examples_rclcpp_async_client/share/examples_rclcpp_async_client/local_setup.zsh
[13.011s] -- Symlinking: /home/tom/ros2_ws/install/examples_rclcpp_async_client/share/examples_rclcpp_async_client/local_setup.dsv
[13.020s] -- Symlinking: /home/tom/ros2_ws/install/examples_rclcpp_async_client/share/examples_rclcpp_async_client/package.dsv
[13.031s] -- Symlinking: /home/tom/ros2_ws/install/examples_rclcpp_async_client/share/ament_index/resource_index/packages/examples_rclcpp_async_client
[13.040s] -- Symlinking: /home/tom/ros2_ws/install/examples_rclcpp_async_client/share/examples_rclcpp_async_client/cmake/examples_rclcpp_async_clientConfig.cmake
[13.050s] -- Symlinking: /home/tom/ros2_ws/install/examples_rclcpp_async_client/share/examples_rclcpp_async_client/cmake/examples_rclcpp_async_clientConfig-version.cmake
[13.059s] -- Symlinking: /home/tom/ros2_ws/install/examples_rclcpp_async_client/share/examples_rclcpp_async_client/package.xml
[13.076s] Invoked command in '/home/tom/ros2_ws/build/examples_rclcpp_async_client' returned '0': CMAKE_PREFIX_PATH=/opt/ros/humble /usr/bin/cmake --install /home/tom/ros2_ws/build/examples_rclcpp_async_client
