[0.585s] Invoking command in '/home/tom/ros2_ws/build/examples_rclpy_minimal_client': PYTHONPATH=/home/tom/ros2_ws/build/examples_rclpy_minimal_client/prefix_override:/usr/lib/python3/dist-packages/colcon_core/task/python/colcon_distutils_commands:/home/tom/ros2_ws/install/examples_rclpy_minimal_client/lib/python3.10/site-packages:${PYTHONPATH} /usr/bin/python3 -W ignore:setup.py install is deprecated setup.py develop --editable --build-directory /home/tom/ros2_ws/build/examples_rclpy_minimal_client/build --no-deps symlink_data
[0.833s] running develop
[0.833s] /usr/lib/python3/dist-packages/setuptools/command/easy_install.py:158: EasyInstallDeprecationWarning: easy_install command is deprecated. Use build and pip and other standards-based tools.
[0.834s]   warnings.warn(
[0.994s] running egg_info
[0.994s] creating examples_rclpy_minimal_client.egg-info
[0.994s] writing examples_rclpy_minimal_client.egg-info/PKG-INFO
[0.995s] writing dependency_links to examples_rclpy_minimal_client.egg-info/dependency_links.txt
[0.995s] writing entry points to examples_rclpy_minimal_client.egg-info/entry_points.txt
[0.995s] writing requirements to examples_rclpy_minimal_client.egg-info/requires.txt
[0.995s] writing top-level names to examples_rclpy_minimal_client.egg-info/top_level.txt
[0.996s] writing manifest file 'examples_rclpy_minimal_client.egg-info/SOURCES.txt'
[0.997s] reading manifest file 'examples_rclpy_minimal_client.egg-info/SOURCES.txt'
[0.998s] writing manifest file 'examples_rclpy_minimal_client.egg-info/SOURCES.txt'
[1.000s] running build_ext
[1.001s] Creating /home/tom/ros2_ws/install/examples_rclpy_minimal_client/lib/python3.10/site-packages/examples-rclpy-minimal-client.egg-link (link to .)
[1.003s] Installing client script to /home/tom/ros2_ws/install/examples_rclpy_minimal_client/lib/examples_rclpy_minimal_client
[1.004s] Installing client_async script to /home/tom/ros2_ws/install/examples_rclpy_minimal_client/lib/examples_rclpy_minimal_client
[1.004s] Installing client_async_callback script to /home/tom/ros2_ws/install/examples_rclpy_minimal_client/lib/examples_rclpy_minimal_client
[1.004s] Installing client_async_member_function script to /home/tom/ros2_ws/install/examples_rclpy_minimal_client/lib/examples_rclpy_minimal_client
[1.004s] 
[1.005s] Installed /home/tom/ros2_ws/build/examples_rclpy_minimal_client
[1.005s] running symlink_data
[1.005s] creating /home/tom/ros2_ws/install/examples_rclpy_minimal_client/share/ament_index
[1.005s] creating /home/tom/ros2_ws/install/examples_rclpy_minimal_client/share/ament_index/resource_index
[1.005s] creating /home/tom/ros2_ws/install/examples_rclpy_minimal_client/share/ament_index/resource_index/packages
[1.006s] symbolically linking /home/tom/ros2_ws/build/examples_rclpy_minimal_client/resource/examples_rclpy_minimal_client -> /home/tom/ros2_ws/install/examples_rclpy_minimal_client/share/ament_index/resource_index/packages
[1.006s] symbolically linking /home/tom/ros2_ws/build/examples_rclpy_minimal_client/package.xml -> /home/tom/ros2_ws/install/examples_rclpy_minimal_client/share/examples_rclpy_minimal_client
[1.030s] Invoked command in '/home/tom/ros2_ws/build/examples_rclpy_minimal_client' returned '0': PYTHONPATH=/home/tom/ros2_ws/build/examples_rclpy_minimal_client/prefix_override:/usr/lib/python3/dist-packages/colcon_core/task/python/colcon_distutils_commands:/home/tom/ros2_ws/install/examples_rclpy_minimal_client/lib/python3.10/site-packages:${PYTHONPATH} /usr/bin/python3 -W ignore:setup.py install is deprecated setup.py develop --editable --build-directory /home/tom/ros2_ws/build/examples_rclpy_minimal_client/build --no-deps symlink_data
