-- Install configuration: ""
-- Up-to-date: /home/tom/ros2_ws/install/robot_pkg/share/robot_pkg/config
-- Up-to-date: /home/tom/ros2_ws/install/robot_pkg/share/robot_pkg/config/joint_names_Model.yaml
-- Up-to-date: /home/tom/ros2_ws/install/robot_pkg/share/robot_pkg/launch
-- Installing: /home/tom/ros2_ws/install/robot_pkg/share/robot_pkg/launch/robot.launch.py
-- Up-to-date: /home/tom/ros2_ws/install/robot_pkg/share/robot_pkg/maps
-- Up-to-date: /home/tom/ros2_ws/install/robot_pkg/share/robot_pkg/meshes
-- Up-to-date: /home/tom/ros2_ws/install/robot_pkg/share/robot_pkg/meshes/Left_wheel.STL
-- Up-to-date: /home/tom/ros2_ws/install/robot_pkg/share/robot_pkg/meshes/base_link.STL
-- Up-to-date: /home/tom/ros2_ws/install/robot_pkg/share/robot_pkg/meshes/FL_Caster.STL
-- Up-to-date: /home/tom/ros2_ws/install/robot_pkg/share/robot_pkg/meshes/caster_collision.STL
-- Up-to-date: /home/tom/ros2_ws/install/robot_pkg/share/robot_pkg/meshes/wheel_collision.STL
-- Up-to-date: /home/tom/ros2_ws/install/robot_pkg/share/robot_pkg/meshes/Right_wheel.STL
-- Up-to-date: /home/tom/ros2_ws/install/robot_pkg/share/robot_pkg/meshes/RR_Caster.STL
-- Up-to-date: /home/tom/ros2_ws/install/robot_pkg/share/robot_pkg/meshes/FR_Caster.STL
-- Up-to-date: /home/tom/ros2_ws/install/robot_pkg/share/robot_pkg/meshes/RL_Caster.STL
-- Up-to-date: /home/tom/ros2_ws/install/robot_pkg/share/robot_pkg/meshes/base_link_collision.STL
-- Up-to-date: /home/tom/ros2_ws/install/robot_pkg/share/robot_pkg/models
-- Up-to-date: /home/tom/ros2_ws/install/robot_pkg/share/robot_pkg/params
-- Up-to-date: /home/tom/ros2_ws/install/robot_pkg/share/robot_pkg/rviz
-- Up-to-date: /home/tom/ros2_ws/install/robot_pkg/share/robot_pkg/rviz/rviz_basic_settings.rviz
-- Up-to-date: /home/tom/ros2_ws/install/robot_pkg/share/robot_pkg/src
-- Up-to-date: /home/tom/ros2_ws/install/robot_pkg/share/robot_pkg/urdf
-- Up-to-date: /home/tom/ros2_ws/install/robot_pkg/share/robot_pkg/urdf/Model.urdf
-- Up-to-date: /home/tom/ros2_ws/install/robot_pkg/share/robot_pkg/urdf/Model.csv
-- Up-to-date: /home/tom/ros2_ws/install/robot_pkg/share/robot_pkg/worlds
-- Up-to-date: /home/tom/ros2_ws/install/robot_pkg/share/robot_pkg/worlds/empty.world
-- Up-to-date: /home/tom/ros2_ws/install/robot_pkg/share/ament_index/resource_index/package_run_dependencies/robot_pkg
-- Up-to-date: /home/tom/ros2_ws/install/robot_pkg/share/ament_index/resource_index/parent_prefix_path/robot_pkg
-- Up-to-date: /home/tom/ros2_ws/install/robot_pkg/share/robot_pkg/environment/ament_prefix_path.sh
-- Up-to-date: /home/tom/ros2_ws/install/robot_pkg/share/robot_pkg/environment/ament_prefix_path.dsv
-- Up-to-date: /home/tom/ros2_ws/install/robot_pkg/share/robot_pkg/environment/path.sh
-- Up-to-date: /home/tom/ros2_ws/install/robot_pkg/share/robot_pkg/environment/path.dsv
-- Up-to-date: /home/tom/ros2_ws/install/robot_pkg/share/robot_pkg/local_setup.bash
-- Up-to-date: /home/tom/ros2_ws/install/robot_pkg/share/robot_pkg/local_setup.sh
-- Up-to-date: /home/tom/ros2_ws/install/robot_pkg/share/robot_pkg/local_setup.zsh
-- Up-to-date: /home/tom/ros2_ws/install/robot_pkg/share/robot_pkg/local_setup.dsv
-- Installing: /home/tom/ros2_ws/install/robot_pkg/share/robot_pkg/package.dsv
-- Up-to-date: /home/tom/ros2_ws/install/robot_pkg/share/ament_index/resource_index/packages/robot_pkg
-- Up-to-date: /home/tom/ros2_ws/install/robot_pkg/share/robot_pkg/cmake/robot_pkgConfig.cmake
-- Up-to-date: /home/tom/ros2_ws/install/robot_pkg/share/robot_pkg/cmake/robot_pkgConfig-version.cmake
-- Up-to-date: /home/tom/ros2_ws/install/robot_pkg/share/robot_pkg/package.xml
