[0.013s] Invoking command in '/home/tom/ros2_ws/build/robot_pkg': CMAKE_PREFIX_PATH=${CMAKE_PREFIX_PATH}:/opt/ros/humble /usr/bin/cmake /home/tom/ros2_ws/src/robot_pkg -DCMAKE_INSTALL_PREFIX=/home/tom/ros2_ws/install/robot_pkg
[0.081s] -- The C compiler identification is GNU 11.4.0
[0.136s] -- The CXX compiler identification is GNU 11.4.0
[0.144s] -- Detecting C compiler ABI info
[0.230s] -- Detecting C compiler ABI info - done
[0.233s] -- Check for working C compiler: /usr/bin/cc - skipped
[0.233s] -- Detecting C compile features
[0.234s] -- Detecting C compile features - done
[0.237s] -- Detecting CXX compiler ABI info
[0.334s] -- Detecting CXX compiler ABI info - done
[0.347s] -- Check for working CXX compiler: /usr/bin/c++ - skipped
[0.348s] -- Detecting CXX compile features
[0.350s] -- Detecting CXX compile features - done
[0.352s] -- Found ament_cmake: 1.3.9 (/opt/ros/humble/share/ament_cmake/cmake)
[0.497s] -- Found Python3: /usr/bin/python3 (found version "3.10.12") found components: Interpreter 
[0.592s] -- Found ament_lint_auto: 0.12.11 (/opt/ros/humble/share/ament_lint_auto/cmake)
[0.684s] -- Added test 'cppcheck' to perform static code analysis on C / C++ code
[0.684s] -- Configured cppcheck include dirs: 
[0.684s] -- Configured cppcheck exclude dirs and/or files: 
[0.686s] -- Added test 'flake8' to check Python code syntax and style conventions
[0.689s] -- Added test 'lint_cmake' to check CMake code style
[0.690s] -- Added test 'pep257' to check Python code against some of the docstring style conventions in PEP 257
[0.700s] -- Added test 'uncrustify' to check C / C++ code style
[0.700s] -- Configured uncrustify additional arguments: 
[0.702s] -- Added test 'xmllint' to check XML markup files
[0.703s] -- Configuring done
[0.706s] -- Generating done
[0.707s] -- Build files have been written to: /home/tom/ros2_ws/build/robot_pkg
[0.711s] Invoked command in '/home/tom/ros2_ws/build/robot_pkg' returned '0': CMAKE_PREFIX_PATH=${CMAKE_PREFIX_PATH}:/opt/ros/humble /usr/bin/cmake /home/tom/ros2_ws/src/robot_pkg -DCMAKE_INSTALL_PREFIX=/home/tom/ros2_ws/install/robot_pkg
[0.713s] Invoking command in '/home/tom/ros2_ws/build/robot_pkg': CMAKE_PREFIX_PATH=${CMAKE_PREFIX_PATH}:/opt/ros/humble /usr/bin/cmake --build /home/tom/ros2_ws/build/robot_pkg -- -j2 -l2
[0.760s] Invoked command in '/home/tom/ros2_ws/build/robot_pkg' returned '0': CMAKE_PREFIX_PATH=${CMAKE_PREFIX_PATH}:/opt/ros/humble /usr/bin/cmake --build /home/tom/ros2_ws/build/robot_pkg -- -j2 -l2
[0.799s] Invoking command in '/home/tom/ros2_ws/build/robot_pkg': CMAKE_PREFIX_PATH=${CMAKE_PREFIX_PATH}:/opt/ros/humble /usr/bin/cmake --install /home/tom/ros2_ws/build/robot_pkg
[0.807s] -- Install configuration: ""
[0.807s] -- Installing: /home/tom/ros2_ws/install/robot_pkg/share/robot_pkg/config
[0.807s] -- Installing: /home/tom/ros2_ws/install/robot_pkg/share/robot_pkg/config/joint_names_Model.yaml
[0.807s] -- Installing: /home/tom/ros2_ws/install/robot_pkg/share/robot_pkg/launch
[0.808s] -- Installing: /home/tom/ros2_ws/install/robot_pkg/share/robot_pkg/launch/robot.launch.py
[0.808s] -- Installing: /home/tom/ros2_ws/install/robot_pkg/share/robot_pkg/maps
[0.809s] -- Installing: /home/tom/ros2_ws/install/robot_pkg/share/robot_pkg/meshes
[0.809s] -- Installing: /home/tom/ros2_ws/install/robot_pkg/share/robot_pkg/meshes/Left_wheel.STL
[0.809s] -- Installing: /home/tom/ros2_ws/install/robot_pkg/share/robot_pkg/meshes/base_link.STL
[0.810s] -- Installing: /home/tom/ros2_ws/install/robot_pkg/share/robot_pkg/meshes/FL_Caster.STL
[0.811s] -- Installing: /home/tom/ros2_ws/install/robot_pkg/share/robot_pkg/meshes/Right_wheel.STL
[0.812s] -- Installing: /home/tom/ros2_ws/install/robot_pkg/share/robot_pkg/meshes/RR_Caster.STL
[0.812s] -- Installing: /home/tom/ros2_ws/install/robot_pkg/share/robot_pkg/meshes/FR_Caster.STL
[0.813s] -- Installing: /home/tom/ros2_ws/install/robot_pkg/share/robot_pkg/meshes/RL_Caster.STL
[0.814s] -- Installing: /home/tom/ros2_ws/install/robot_pkg/share/robot_pkg/models
[0.814s] -- Installing: /home/tom/ros2_ws/install/robot_pkg/share/robot_pkg/params
[0.814s] -- Installing: /home/tom/ros2_ws/install/robot_pkg/share/robot_pkg/rviz
[0.814s] -- Installing: /home/tom/ros2_ws/install/robot_pkg/share/robot_pkg/rviz/rviz_basic_settings.rviz
[0.815s] -- Installing: /home/tom/ros2_ws/install/robot_pkg/share/robot_pkg/src
[0.815s] -- Installing: /home/tom/ros2_ws/install/robot_pkg/share/robot_pkg/urdf
[0.815s] -- Installing: /home/tom/ros2_ws/install/robot_pkg/share/robot_pkg/urdf/Model.urdf
[0.816s] -- Installing: /home/tom/ros2_ws/install/robot_pkg/share/robot_pkg/urdf/Model.csv
[0.816s] -- Installing: /home/tom/ros2_ws/install/robot_pkg/share/robot_pkg/worlds
[0.816s] -- Installing: /home/tom/ros2_ws/install/robot_pkg/share/robot_pkg/worlds/empty.world
[0.817s] -- Installing: /home/tom/ros2_ws/install/robot_pkg/share/ament_index/resource_index/package_run_dependencies/robot_pkg
[0.817s] -- Installing: /home/tom/ros2_ws/install/robot_pkg/share/ament_index/resource_index/parent_prefix_path/robot_pkg
[0.818s] -- Installing: /home/tom/ros2_ws/install/robot_pkg/share/robot_pkg/environment/ament_prefix_path.sh
[0.818s] -- Installing: /home/tom/ros2_ws/install/robot_pkg/share/robot_pkg/environment/ament_prefix_path.dsv
[0.818s] -- Installing: /home/tom/ros2_ws/install/robot_pkg/share/robot_pkg/environment/path.sh
[0.819s] -- Installing: /home/tom/ros2_ws/install/robot_pkg/share/robot_pkg/environment/path.dsv
[0.819s] -- Installing: /home/tom/ros2_ws/install/robot_pkg/share/robot_pkg/local_setup.bash
[0.819s] -- Installing: /home/tom/ros2_ws/install/robot_pkg/share/robot_pkg/local_setup.sh
[0.819s] -- Installing: /home/tom/ros2_ws/install/robot_pkg/share/robot_pkg/local_setup.zsh
[0.819s] -- Installing: /home/tom/ros2_ws/install/robot_pkg/share/robot_pkg/local_setup.dsv
[0.819s] -- Installing: /home/tom/ros2_ws/install/robot_pkg/share/robot_pkg/package.dsv
[0.822s] -- Installing: /home/tom/ros2_ws/install/robot_pkg/share/ament_index/resource_index/packages/robot_pkg
[0.823s] -- Installing: /home/tom/ros2_ws/install/robot_pkg/share/robot_pkg/cmake/robot_pkgConfig.cmake
[0.824s] -- Installing: /home/tom/ros2_ws/install/robot_pkg/share/robot_pkg/cmake/robot_pkgConfig-version.cmake
[0.827s] -- Installing: /home/tom/ros2_ws/install/robot_pkg/share/robot_pkg/package.xml
[0.827s] Invoked command in '/home/tom/ros2_ws/build/robot_pkg' returned '0': CMAKE_PREFIX_PATH=${CMAKE_PREFIX_PATH}:/opt/ros/humble /usr/bin/cmake --install /home/tom/ros2_ws/build/robot_pkg
