[0.572s] Invoking command in '/home/tom/ros2_ws/build/examples_rclpy_pointcloud_publisher': PYTHONPATH=/home/tom/ros2_ws/build/examples_rclpy_pointcloud_publisher/prefix_override:/usr/lib/python3/dist-packages/colcon_core/task/python/colcon_distutils_commands:/home/tom/ros2_ws/install/examples_rclpy_pointcloud_publisher/lib/python3.10/site-packages:${PYTHONPATH} /usr/bin/python3 -W ignore:setup.py install is deprecated setup.py develop --editable --build-directory /home/tom/ros2_ws/build/examples_rclpy_pointcloud_publisher/build --no-deps symlink_data
[0.822s] running develop
[0.823s] /usr/lib/python3/dist-packages/setuptools/command/easy_install.py:158: EasyInstallDeprecationWarning: easy_install command is deprecated. Use build and pip and other standards-based tools.
[0.823s]   warnings.warn(
[0.980s] running egg_info
[0.980s] creating examples_rclpy_pointcloud_publisher.egg-info
[0.980s] writing examples_rclpy_pointcloud_publisher.egg-info/PKG-INFO
[0.981s] writing dependency_links to examples_rclpy_pointcloud_publisher.egg-info/dependency_links.txt
[0.981s] writing entry points to examples_rclpy_pointcloud_publisher.egg-info/entry_points.txt
[0.981s] writing requirements to examples_rclpy_pointcloud_publisher.egg-info/requires.txt
[0.981s] writing top-level names to examples_rclpy_pointcloud_publisher.egg-info/top_level.txt
[0.982s] writing manifest file 'examples_rclpy_pointcloud_publisher.egg-info/SOURCES.txt'
[0.983s] reading manifest file 'examples_rclpy_pointcloud_publisher.egg-info/SOURCES.txt'
[0.985s] writing manifest file 'examples_rclpy_pointcloud_publisher.egg-info/SOURCES.txt'
[0.986s] running build_ext
[0.987s] Creating /home/tom/ros2_ws/install/examples_rclpy_pointcloud_publisher/lib/python3.10/site-packages/examples-rclpy-pointcloud-publisher.egg-link (link to .)
[0.987s] Installing pointcloud_publisher script to /home/tom/ros2_ws/install/examples_rclpy_pointcloud_publisher/lib/examples_rclpy_pointcloud_publisher
[0.988s] 
[0.988s] Installed /home/tom/ros2_ws/build/examples_rclpy_pointcloud_publisher
[0.988s] running symlink_data
[0.988s] creating /home/tom/ros2_ws/install/examples_rclpy_pointcloud_publisher/share/ament_index
[0.989s] creating /home/tom/ros2_ws/install/examples_rclpy_pointcloud_publisher/share/ament_index/resource_index
[0.989s] creating /home/tom/ros2_ws/install/examples_rclpy_pointcloud_publisher/share/ament_index/resource_index/packages
[0.989s] symbolically linking /home/tom/ros2_ws/build/examples_rclpy_pointcloud_publisher/resource/examples_rclpy_pointcloud_publisher -> /home/tom/ros2_ws/install/examples_rclpy_pointcloud_publisher/share/ament_index/resource_index/packages
[0.989s] symbolically linking /home/tom/ros2_ws/build/examples_rclpy_pointcloud_publisher/package.xml -> /home/tom/ros2_ws/install/examples_rclpy_pointcloud_publisher/share/examples_rclpy_pointcloud_publisher
[1.017s] Invoked command in '/home/tom/ros2_ws/build/examples_rclpy_pointcloud_publisher' returned '0': PYTHONPATH=/home/tom/ros2_ws/build/examples_rclpy_pointcloud_publisher/prefix_override:/usr/lib/python3/dist-packages/colcon_core/task/python/colcon_distutils_commands:/home/tom/ros2_ws/install/examples_rclpy_pointcloud_publisher/lib/python3.10/site-packages:${PYTHONPATH} /usr/bin/python3 -W ignore:setup.py install is deprecated setup.py develop --editable --build-directory /home/tom/ros2_ws/build/examples_rclpy_pointcloud_publisher/build --no-deps symlink_data
