[0.578s] Invoking command in '/home/tom/ros2_ws/build/examples_rclpy_minimal_action_client': PYTHONPATH=/home/tom/ros2_ws/build/examples_rclpy_minimal_action_client/prefix_override:/usr/lib/python3/dist-packages/colcon_core/task/python/colcon_distutils_commands:/home/tom/ros2_ws/install/examples_rclpy_minimal_action_client/lib/python3.10/site-packages:${PYTHONPATH} /usr/bin/python3 -W ignore:setup.py install is deprecated setup.py develop --editable --build-directory /home/tom/ros2_ws/build/examples_rclpy_minimal_action_client/build --no-deps symlink_data
[0.819s] running develop
[0.820s] /usr/lib/python3/dist-packages/setuptools/command/easy_install.py:158: EasyInstallDeprecationWarning: easy_install command is deprecated. Use build and pip and other standards-based tools.
[0.820s]   warnings.warn(
[0.988s] running egg_info
[0.988s] creating examples_rclpy_minimal_action_client.egg-info
[0.988s] writing examples_rclpy_minimal_action_client.egg-info/PKG-INFO
[0.988s] writing dependency_links to examples_rclpy_minimal_action_client.egg-info/dependency_links.txt
[0.989s] writing entry points to examples_rclpy_minimal_action_client.egg-info/entry_points.txt
[0.989s] writing requirements to examples_rclpy_minimal_action_client.egg-info/requires.txt
[0.989s] writing top-level names to examples_rclpy_minimal_action_client.egg-info/top_level.txt
[0.989s] writing manifest file 'examples_rclpy_minimal_action_client.egg-info/SOURCES.txt'
[0.991s] reading manifest file 'examples_rclpy_minimal_action_client.egg-info/SOURCES.txt'
[0.992s] writing manifest file 'examples_rclpy_minimal_action_client.egg-info/SOURCES.txt'
[0.993s] running build_ext
[0.993s] Creating /home/tom/ros2_ws/install/examples_rclpy_minimal_action_client/lib/python3.10/site-packages/examples-rclpy-minimal-action-client.egg-link (link to .)
[0.994s] Installing client script to /home/tom/ros2_ws/install/examples_rclpy_minimal_action_client/lib/examples_rclpy_minimal_action_client
[0.995s] Installing client_asyncio script to /home/tom/ros2_ws/install/examples_rclpy_minimal_action_client/lib/examples_rclpy_minimal_action_client
[0.996s] Installing client_cancel script to /home/tom/ros2_ws/install/examples_rclpy_minimal_action_client/lib/examples_rclpy_minimal_action_client
[0.996s] Installing client_not_composable script to /home/tom/ros2_ws/install/examples_rclpy_minimal_action_client/lib/examples_rclpy_minimal_action_client
[0.996s] 
[0.996s] Installed /home/tom/ros2_ws/build/examples_rclpy_minimal_action_client
[0.996s] running symlink_data
[0.997s] creating /home/tom/ros2_ws/install/examples_rclpy_minimal_action_client/share/ament_index
[0.997s] creating /home/tom/ros2_ws/install/examples_rclpy_minimal_action_client/share/ament_index/resource_index
[0.997s] creating /home/tom/ros2_ws/install/examples_rclpy_minimal_action_client/share/ament_index/resource_index/packages
[0.997s] symbolically linking /home/tom/ros2_ws/build/examples_rclpy_minimal_action_client/resource/examples_rclpy_minimal_action_client -> /home/tom/ros2_ws/install/examples_rclpy_minimal_action_client/share/ament_index/resource_index/packages
[0.997s] symbolically linking /home/tom/ros2_ws/build/examples_rclpy_minimal_action_client/package.xml -> /home/tom/ros2_ws/install/examples_rclpy_minimal_action_client/share/examples_rclpy_minimal_action_client
[1.027s] Invoked command in '/home/tom/ros2_ws/build/examples_rclpy_minimal_action_client' returned '0': PYTHONPATH=/home/tom/ros2_ws/build/examples_rclpy_minimal_action_client/prefix_override:/usr/lib/python3/dist-packages/colcon_core/task/python/colcon_distutils_commands:/home/tom/ros2_ws/install/examples_rclpy_minimal_action_client/lib/python3.10/site-packages:${PYTHONPATH} /usr/bin/python3 -W ignore:setup.py install is deprecated setup.py develop --editable --build-directory /home/tom/ros2_ws/build/examples_rclpy_minimal_action_client/build --no-deps symlink_data
