[0.019s] Invoking command in '/home/qnhat/AGV_ws/build/robot_pkg': CMAKE_PREFIX_PATH=${CMAKE_PREFIX_PATH}:/opt/ros/humble /usr/bin/cmake /home/qnhat/AGV_ws/src/robot_pkg -DCMAKE_INSTALL_PREFIX=/home/qnhat/AGV_ws/install/robot_pkg
[0.142s] -- The C compiler identification is GNU 11.4.0
[0.253s] -- The CXX compiler identification is GNU 11.4.0
[0.269s] -- Detecting C compiler ABI info
[0.416s] -- Detecting C compiler ABI info - done
[0.424s] -- Check for working C compiler: /usr/bin/cc - skipped
[0.424s] -- Detecting C compile features
[0.425s] -- Detecting C compile features - done
[0.430s] -- Detecting CXX compiler ABI info
[0.592s] -- Detecting CXX compiler ABI info - done
[0.605s] -- Check for working CXX compiler: /usr/bin/c++ - skipped
[0.605s] -- Detecting CXX compile features
[0.606s] -- Detecting CXX compile features - done
[0.610s] -- Found ament_cmake: 1.3.9 (/opt/ros/humble/share/ament_cmake/cmake)
[0.867s] -- Found Python3: /usr/bin/python3 (found version "3.10.12") found components: Interpreter 
[1.017s] -- Found ament_lint_auto: 0.12.11 (/opt/ros/humble/share/ament_lint_auto/cmake)
[1.132s] -- Added test 'flake8' to check Python code syntax and style conventions
[1.134s] -- Added test 'lint_cmake' to check CMake code style
[1.136s] -- Added test 'pep257' to check Python code against some of the docstring style conventions in PEP 257
[1.141s] -- Added test 'xmllint' to check XML markup files
[1.143s] -- Configuring done
[1.150s] -- Generating done
[1.152s] -- Build files have been written to: /home/qnhat/AGV_ws/build/robot_pkg
[1.163s] Invoked command in '/home/qnhat/AGV_ws/build/robot_pkg' returned '0': CMAKE_PREFIX_PATH=${CMAKE_PREFIX_PATH}:/opt/ros/humble /usr/bin/cmake /home/qnhat/AGV_ws/src/robot_pkg -DCMAKE_INSTALL_PREFIX=/home/qnhat/AGV_ws/install/robot_pkg
[1.163s] Invoking command in '/home/qnhat/AGV_ws/build/robot_pkg': CMAKE_PREFIX_PATH=${CMAKE_PREFIX_PATH}:/opt/ros/humble /usr/bin/cmake --build /home/qnhat/AGV_ws/build/robot_pkg -- -j4 -l4
[1.245s] Invoked command in '/home/qnhat/AGV_ws/build/robot_pkg' returned '0': CMAKE_PREFIX_PATH=${CMAKE_PREFIX_PATH}:/opt/ros/humble /usr/bin/cmake --build /home/qnhat/AGV_ws/build/robot_pkg -- -j4 -l4
[1.330s] Invoking command in '/home/qnhat/AGV_ws/build/robot_pkg': CMAKE_PREFIX_PATH=${CMAKE_PREFIX_PATH}:/opt/ros/humble /usr/bin/cmake --install /home/qnhat/AGV_ws/build/robot_pkg
[1.347s] -- Install configuration: ""
[1.347s] -- Installing: /home/qnhat/AGV_ws/install/robot_pkg/share/robot_pkg/config
[1.348s] -- Installing: /home/qnhat/AGV_ws/install/robot_pkg/share/robot_pkg/config/joint_names_Model.yaml
[1.348s] -- Installing: /home/qnhat/AGV_ws/install/robot_pkg/share/robot_pkg/launch
[1.349s] -- Installing: /home/qnhat/AGV_ws/install/robot_pkg/share/robot_pkg/launch/robot.launch.py
[1.349s] -- Installing: /home/qnhat/AGV_ws/install/robot_pkg/share/robot_pkg/maps
[1.349s] -- Installing: /home/qnhat/AGV_ws/install/robot_pkg/share/robot_pkg/meshes
[1.349s] -- Installing: /home/qnhat/AGV_ws/install/robot_pkg/share/robot_pkg/meshes/FL_Caster.STL
[1.350s] -- Installing: /home/qnhat/AGV_ws/install/robot_pkg/share/robot_pkg/meshes/RR_Caster.STL
[1.350s] -- Installing: /home/qnhat/AGV_ws/install/robot_pkg/share/robot_pkg/meshes/caster_collision.STL
[1.351s] -- Installing: /home/qnhat/AGV_ws/install/robot_pkg/share/robot_pkg/meshes/base_link_collision.STL
[1.352s] -- Installing: /home/qnhat/AGV_ws/install/robot_pkg/share/robot_pkg/meshes/wheel_collision.STL
[1.352s] -- Installing: /home/qnhat/AGV_ws/install/robot_pkg/share/robot_pkg/meshes/Left_wheel.STL
[1.353s] -- Installing: /home/qnhat/AGV_ws/install/robot_pkg/share/robot_pkg/meshes/RL_Caster.STL
[1.354s] -- Installing: /home/qnhat/AGV_ws/install/robot_pkg/share/robot_pkg/meshes/FR_Caster.STL
[1.354s] -- Installing: /home/qnhat/AGV_ws/install/robot_pkg/share/robot_pkg/meshes/Right_wheel.STL
[1.355s] -- Installing: /home/qnhat/AGV_ws/install/robot_pkg/share/robot_pkg/meshes/base_link.STL
[1.357s] -- Installing: /home/qnhat/AGV_ws/install/robot_pkg/share/robot_pkg/models
[1.357s] -- Installing: /home/qnhat/AGV_ws/install/robot_pkg/share/robot_pkg/models/robot_description
[1.358s] -- Installing: /home/qnhat/AGV_ws/install/robot_pkg/share/robot_pkg/models/robot_description/model.config
[1.358s] -- Installing: /home/qnhat/AGV_ws/install/robot_pkg/share/robot_pkg/params
[1.358s] -- Installing: /home/qnhat/AGV_ws/install/robot_pkg/share/robot_pkg/rviz
[1.359s] -- Installing: /home/qnhat/AGV_ws/install/robot_pkg/share/robot_pkg/rviz/rviz_basic_settings.rviz
[1.359s] -- Installing: /home/qnhat/AGV_ws/install/robot_pkg/share/robot_pkg/src
[1.359s] -- Installing: /home/qnhat/AGV_ws/install/robot_pkg/share/robot_pkg/urdf
[1.360s] -- Installing: /home/qnhat/AGV_ws/install/robot_pkg/share/robot_pkg/urdf/Model.csv
[1.360s] -- Installing: /home/qnhat/AGV_ws/install/robot_pkg/share/robot_pkg/urdf/Model.urdf
[1.360s] -- Installing: /home/qnhat/AGV_ws/install/robot_pkg/share/robot_pkg/worlds
[1.361s] -- Installing: /home/qnhat/AGV_ws/install/robot_pkg/share/robot_pkg/worlds/empty.world
[1.361s] -- Installing: /home/qnhat/AGV_ws/install/robot_pkg/share/robot_pkg/include
[1.361s] -- Installing: /home/qnhat/AGV_ws/install/robot_pkg/share/ament_index/resource_index/package_run_dependencies/robot_pkg
[1.362s] -- Installing: /home/qnhat/AGV_ws/install/robot_pkg/share/ament_index/resource_index/parent_prefix_path/robot_pkg
[1.363s] -- Installing: /home/qnhat/AGV_ws/install/robot_pkg/share/robot_pkg/environment/ament_prefix_path.sh
[1.363s] -- Installing: /home/qnhat/AGV_ws/install/robot_pkg/share/robot_pkg/environment/ament_prefix_path.dsv
[1.364s] -- Installing: /home/qnhat/AGV_ws/install/robot_pkg/share/robot_pkg/environment/path.sh
[1.364s] -- Installing: /home/qnhat/AGV_ws/install/robot_pkg/share/robot_pkg/environment/path.dsv
[1.365s] -- Installing: /home/qnhat/AGV_ws/install/robot_pkg/share/robot_pkg/local_setup.bash
[1.365s] -- Installing: /home/qnhat/AGV_ws/install/robot_pkg/share/robot_pkg/local_setup.sh
[1.365s] -- Installing: /home/qnhat/AGV_ws/install/robot_pkg/share/robot_pkg/local_setup.zsh
[1.366s] -- Installing: /home/qnhat/AGV_ws/install/robot_pkg/share/robot_pkg/local_setup.dsv
[1.366s] -- Installing: /home/qnhat/AGV_ws/install/robot_pkg/share/robot_pkg/package.dsv
[1.367s] -- Installing: /home/qnhat/AGV_ws/install/robot_pkg/share/ament_index/resource_index/packages/robot_pkg
[1.367s] -- Installing: /home/qnhat/AGV_ws/install/robot_pkg/share/robot_pkg/cmake/robot_pkgConfig.cmake
[1.368s] -- Installing: /home/qnhat/AGV_ws/install/robot_pkg/share/robot_pkg/cmake/robot_pkgConfig-version.cmake
[1.368s] -- Installing: /home/qnhat/AGV_ws/install/robot_pkg/share/robot_pkg/package.xml
[1.373s] Invoked command in '/home/qnhat/AGV_ws/build/robot_pkg' returned '0': CMAKE_PREFIX_PATH=${CMAKE_PREFIX_PATH}:/opt/ros/humble /usr/bin/cmake --install /home/qnhat/AGV_ws/build/robot_pkg
