[0.013s] Invoking command in '/home/tom/robot_ws/src/robot_pkg/build/robot_pkg': CMAKE_PREFIX_PATH=/opt/ros/humble /usr/bin/cmake /home/tom/robot_ws/src/robot_pkg -DCMAKE_INSTALL_PREFIX=/home/tom/robot_ws/src/robot_pkg/install/robot_pkg
[0.188s] -- The C compiler identification is GNU 11.4.0
[0.320s] -- The CXX compiler identification is GNU 11.4.0
[0.341s] -- Detecting C compiler ABI info
[0.460s] -- Detecting C compiler ABI info - done
[0.469s] -- Check for working C compiler: /usr/bin/cc - skipped
[0.471s] -- Detecting C compile features
[0.472s] -- Detecting C compile features - done
[0.481s] -- Detecting CXX compiler ABI info
[0.593s] -- Detecting CXX compiler ABI info - done
[0.599s] -- Check for working CXX compiler: /usr/bin/c++ - skipped
[0.600s] -- Detecting CXX compile features
[0.601s] -- Detecting CXX compile features - done
[0.614s] -- Found ament_cmake: 1.3.9 (/opt/ros/humble/share/ament_cmake/cmake)
[0.773s] -- Found Python3: /usr/bin/python3 (found version "3.10.12") found components: Interpreter 
[0.903s] -- Found ament_lint_auto: 0.12.11 (/opt/ros/humble/share/ament_lint_auto/cmake)
[1.000s] -- Added test 'cppcheck' to perform static code analysis on C / C++ code
[1.000s] -- Configured cppcheck include dirs: 
[1.000s] -- Configured cppcheck exclude dirs and/or files: 
[1.001s] -- Added test 'flake8' to check Python code syntax and style conventions
[1.003s] -- Added test 'lint_cmake' to check CMake code style
[1.005s] -- Added test 'pep257' to check Python code against some of the docstring style conventions in PEP 257
[1.011s] -- Added test 'uncrustify' to check C / C++ code style
[1.011s] -- Configured uncrustify additional arguments: 
[1.013s] -- Added test 'xmllint' to check XML markup files
[1.016s] -- Configuring done
[1.018s] -- Generating done
[1.020s] -- Build files have been written to: /home/tom/robot_ws/src/robot_pkg/build/robot_pkg
[1.025s] Invoked command in '/home/tom/robot_ws/src/robot_pkg/build/robot_pkg' returned '0': CMAKE_PREFIX_PATH=/opt/ros/humble /usr/bin/cmake /home/tom/robot_ws/src/robot_pkg -DCMAKE_INSTALL_PREFIX=/home/tom/robot_ws/src/robot_pkg/install/robot_pkg
[1.026s] Invoking command in '/home/tom/robot_ws/src/robot_pkg/build/robot_pkg': CMAKE_PREFIX_PATH=/opt/ros/humble /usr/bin/cmake --build /home/tom/robot_ws/src/robot_pkg/build/robot_pkg -- -j2 -l2
[1.069s] Invoked command in '/home/tom/robot_ws/src/robot_pkg/build/robot_pkg' returned '0': CMAKE_PREFIX_PATH=/opt/ros/humble /usr/bin/cmake --build /home/tom/robot_ws/src/robot_pkg/build/robot_pkg -- -j2 -l2
[1.110s] Invoking command in '/home/tom/robot_ws/src/robot_pkg/build/robot_pkg': CMAKE_PREFIX_PATH=/opt/ros/humble /usr/bin/cmake --install /home/tom/robot_ws/src/robot_pkg/build/robot_pkg
[1.118s] -- Install configuration: ""
[1.119s] -- Installing: /home/tom/robot_ws/src/robot_pkg/install/robot_pkg/share/robot_pkg/config
[1.120s] -- Installing: /home/tom/robot_ws/src/robot_pkg/install/robot_pkg/share/robot_pkg/config/joint_names_description.yaml
[1.121s] -- Installing: /home/tom/robot_ws/src/robot_pkg/install/robot_pkg/share/robot_pkg/launch
[1.122s] -- Installing: /home/tom/robot_ws/src/robot_pkg/install/robot_pkg/share/robot_pkg/launch/robot.launch.py
[1.123s] -- Installing: /home/tom/robot_ws/src/robot_pkg/install/robot_pkg/share/robot_pkg/maps
[1.124s] -- Installing: /home/tom/robot_ws/src/robot_pkg/install/robot_pkg/share/robot_pkg/meshes
[1.125s] -- Installing: /home/tom/robot_ws/src/robot_pkg/install/robot_pkg/share/robot_pkg/meshes/Left_wheel.STL
[1.127s] -- Installing: /home/tom/robot_ws/src/robot_pkg/install/robot_pkg/share/robot_pkg/meshes/base_link.STL
[1.130s] -- Installing: /home/tom/robot_ws/src/robot_pkg/install/robot_pkg/share/robot_pkg/meshes/Right_wheel.STL
[1.131s] -- Installing: /home/tom/robot_ws/src/robot_pkg/install/robot_pkg/share/robot_pkg/meshes/FR_caster.STL
[1.131s] -- Installing: /home/tom/robot_ws/src/robot_pkg/install/robot_pkg/share/robot_pkg/meshes/RR_caster.STL
[1.132s] -- Installing: /home/tom/robot_ws/src/robot_pkg/install/robot_pkg/share/robot_pkg/meshes/FL_caster.STL
[1.132s] -- Installing: /home/tom/robot_ws/src/robot_pkg/install/robot_pkg/share/robot_pkg/meshes/RL_wheel.STL
[1.133s] -- Installing: /home/tom/robot_ws/src/robot_pkg/install/robot_pkg/share/robot_pkg/models
[1.133s] -- Installing: /home/tom/robot_ws/src/robot_pkg/install/robot_pkg/share/robot_pkg/params
[1.133s] -- Installing: /home/tom/robot_ws/src/robot_pkg/install/robot_pkg/share/robot_pkg/rviz
[1.134s] -- Installing: /home/tom/robot_ws/src/robot_pkg/install/robot_pkg/share/robot_pkg/rviz/rviz_basic_settings.rviz
[1.134s] -- Installing: /home/tom/robot_ws/src/robot_pkg/install/robot_pkg/share/robot_pkg/src
[1.134s] -- Installing: /home/tom/robot_ws/src/robot_pkg/install/robot_pkg/share/robot_pkg/urdf
[1.134s] -- Installing: /home/tom/robot_ws/src/robot_pkg/install/robot_pkg/share/robot_pkg/urdf/model.config
[1.135s] -- Installing: /home/tom/robot_ws/src/robot_pkg/install/robot_pkg/share/robot_pkg/urdf/.~lock.description.csv#
[1.135s] -- Installing: /home/tom/robot_ws/src/robot_pkg/install/robot_pkg/share/robot_pkg/urdf/description.csv
[1.135s] -- Installing: /home/tom/robot_ws/src/robot_pkg/install/robot_pkg/share/robot_pkg/urdf/description.urdf
[1.136s] -- Installing: /home/tom/robot_ws/src/robot_pkg/install/robot_pkg/share/robot_pkg/worlds
[1.136s] -- Installing: /home/tom/robot_ws/src/robot_pkg/install/robot_pkg/share/robot_pkg/worlds/empty.world
[1.136s] -- Installing: /home/tom/robot_ws/src/robot_pkg/install/robot_pkg/share/ament_index/resource_index/package_run_dependencies/robot_pkg
[1.136s] -- Installing: /home/tom/robot_ws/src/robot_pkg/install/robot_pkg/share/ament_index/resource_index/parent_prefix_path/robot_pkg
[1.137s] -- Installing: /home/tom/robot_ws/src/robot_pkg/install/robot_pkg/share/robot_pkg/environment/ament_prefix_path.sh
[1.137s] -- Installing: /home/tom/robot_ws/src/robot_pkg/install/robot_pkg/share/robot_pkg/environment/ament_prefix_path.dsv
[1.137s] -- Installing: /home/tom/robot_ws/src/robot_pkg/install/robot_pkg/share/robot_pkg/environment/path.sh
[1.137s] -- Installing: /home/tom/robot_ws/src/robot_pkg/install/robot_pkg/share/robot_pkg/environment/path.dsv
[1.138s] -- Installing: /home/tom/robot_ws/src/robot_pkg/install/robot_pkg/share/robot_pkg/local_setup.bash
[1.138s] -- Installing: /home/tom/robot_ws/src/robot_pkg/install/robot_pkg/share/robot_pkg/local_setup.sh
[1.138s] -- Installing: /home/tom/robot_ws/src/robot_pkg/install/robot_pkg/share/robot_pkg/local_setup.zsh
[1.139s] -- Installing: /home/tom/robot_ws/src/robot_pkg/install/robot_pkg/share/robot_pkg/local_setup.dsv
[1.139s] -- Installing: /home/tom/robot_ws/src/robot_pkg/install/robot_pkg/share/robot_pkg/package.dsv
[1.139s] -- Installing: /home/tom/robot_ws/src/robot_pkg/install/robot_pkg/share/ament_index/resource_index/packages/robot_pkg
[1.140s] -- Installing: /home/tom/robot_ws/src/robot_pkg/install/robot_pkg/share/robot_pkg/cmake/robot_pkgConfig.cmake
[1.140s] -- Installing: /home/tom/robot_ws/src/robot_pkg/install/robot_pkg/share/robot_pkg/cmake/robot_pkgConfig-version.cmake
[1.140s] -- Installing: /home/tom/robot_ws/src/robot_pkg/install/robot_pkg/share/robot_pkg/package.xml
[1.142s] Invoked command in '/home/tom/robot_ws/src/robot_pkg/build/robot_pkg' returned '0': CMAKE_PREFIX_PATH=/opt/ros/humble /usr/bin/cmake --install /home/tom/robot_ws/src/robot_pkg/build/robot_pkg
