[0.095s] DEBUG:colcon:Command line arguments: ['/usr/bin/colcon', 'build']
[0.096s] DEBUG:colcon:Parsed command line arguments: Namespace(log_base=None, log_level=None, verb_name='build', build_base='build', install_base='install', merge_install=False, symlink_install=False, test_result_base=None, continue_on_error=False, executor='parallel', parallel_workers=2, event_handlers=None, ignore_user_meta=False, metas=['./colcon.meta'], base_paths=['.'], packages_ignore=None, packages_ignore_regex=None, paths=None, packages_up_to=None, packages_up_to_regex=None, packages_above=None, packages_above_and_dependencies=None, packages_above_depth=None, packages_select_by_dep=None, packages_skip_by_dep=None, packages_skip_up_to=None, packages_select_build_failed=False, packages_skip_build_finished=False, packages_select_test_failures=False, packages_skip_test_passed=False, packages_select=None, packages_skip=None, packages_select_regex=None, packages_skip_regex=None, packages_start=None, packages_end=None, allow_overriding=[], cmake_args=None, cmake_target=None, cmake_target_skip_unavailable=False, cmake_clean_cache=False, cmake_clean_first=False, cmake_force_configure=False, ament_cmake_args=None, catkin_cmake_args=None, catkin_skip_building_tests=False, verb_parser=<colcon_defaults.argument_parser.defaults.DefaultArgumentsDecorator object at 0x72b635448ca0>, verb_extension=<colcon_core.verb.build.BuildVerb object at 0x72b635448850>, main=<bound method BuildVerb.main of <colcon_core.verb.build.BuildVerb object at 0x72b635448850>>)
[0.250s] Level 1:colcon.colcon_core.package_discovery:discover_packages(colcon_meta) check parameters
[0.250s] Level 1:colcon.colcon_core.package_discovery:discover_packages(recursive) check parameters
[0.250s] Level 1:colcon.colcon_core.package_discovery:discover_packages(ignore) check parameters
[0.251s] Level 1:colcon.colcon_core.package_discovery:discover_packages(path) check parameters
[0.251s] Level 1:colcon.colcon_core.package_discovery:discover_packages(colcon_meta) discover
[0.251s] Level 1:colcon.colcon_core.package_discovery:discover_packages(recursive) discover
[0.251s] INFO:colcon.colcon_core.package_discovery:Crawling recursively for packages in '/home/tom/robot_ws/src/robot_pkg'
[0.251s] Level 1:colcon.colcon_core.package_identification:_identify(.) by extensions ['ignore', 'ignore_ament_install']
[0.251s] Level 1:colcon.colcon_core.package_identification:_identify(.) by extension 'ignore'
[0.251s] Level 1:colcon.colcon_core.package_identification:_identify(.) by extension 'ignore_ament_install'
[0.251s] Level 1:colcon.colcon_core.package_identification:_identify(.) by extensions ['colcon_pkg']
[0.251s] Level 1:colcon.colcon_core.package_identification:_identify(.) by extension 'colcon_pkg'
[0.251s] Level 1:colcon.colcon_core.package_identification:_identify(.) by extensions ['colcon_meta']
[0.251s] Level 1:colcon.colcon_core.package_identification:_identify(.) by extension 'colcon_meta'
[0.251s] Level 1:colcon.colcon_core.package_identification:_identify(.) by extensions ['ros']
[0.251s] Level 1:colcon.colcon_core.package_identification:_identify(.) by extension 'ros'
[0.262s] DEBUG:colcon.colcon_core.package_identification:Package '.' with type 'ros.ament_cmake' and name 'robot_pkg'
[0.263s] Level 1:colcon.colcon_core.package_discovery:discover_packages(recursive) using defaults
[0.263s] Level 1:colcon.colcon_core.package_discovery:discover_packages(ignore) discover
[0.263s] Level 1:colcon.colcon_core.package_discovery:discover_packages(ignore) using defaults
[0.263s] Level 1:colcon.colcon_core.package_discovery:discover_packages(path) discover
[0.263s] Level 1:colcon.colcon_core.package_discovery:discover_packages(path) using defaults
[0.278s] Level 1:colcon.colcon_core.package_discovery:discover_packages(prefix_path) check parameters
[0.278s] Level 1:colcon.colcon_core.package_discovery:discover_packages(prefix_path) discover
[0.281s] DEBUG:colcon.colcon_installed_package_information.package_discovery:Found 450 installed packages in /opt/ros/humble
[0.290s] Level 1:colcon.colcon_core.package_discovery:discover_packages(prefix_path) using defaults
[0.341s] Level 5:colcon.colcon_core.verb:set package 'robot_pkg' build argument 'cmake_args' from command line to 'None'
[0.341s] Level 5:colcon.colcon_core.verb:set package 'robot_pkg' build argument 'cmake_target' from command line to 'None'
[0.341s] Level 5:colcon.colcon_core.verb:set package 'robot_pkg' build argument 'cmake_target_skip_unavailable' from command line to 'False'
[0.341s] Level 5:colcon.colcon_core.verb:set package 'robot_pkg' build argument 'cmake_clean_cache' from command line to 'False'
[0.341s] Level 5:colcon.colcon_core.verb:set package 'robot_pkg' build argument 'cmake_clean_first' from command line to 'False'
[0.341s] Level 5:colcon.colcon_core.verb:set package 'robot_pkg' build argument 'cmake_force_configure' from command line to 'False'
[0.341s] Level 5:colcon.colcon_core.verb:set package 'robot_pkg' build argument 'ament_cmake_args' from command line to 'None'
[0.341s] Level 5:colcon.colcon_core.verb:set package 'robot_pkg' build argument 'catkin_cmake_args' from command line to 'None'
[0.341s] Level 5:colcon.colcon_core.verb:set package 'robot_pkg' build argument 'catkin_skip_building_tests' from command line to 'False'
[0.341s] DEBUG:colcon.colcon_core.verb:Building package 'robot_pkg' with the following arguments: {'ament_cmake_args': None, 'build_base': '/home/tom/robot_ws/src/robot_pkg/build/robot_pkg', 'catkin_cmake_args': None, 'catkin_skip_building_tests': False, 'cmake_args': None, 'cmake_clean_cache': False, 'cmake_clean_first': False, 'cmake_force_configure': False, 'cmake_target': None, 'cmake_target_skip_unavailable': False, 'install_base': '/home/tom/robot_ws/src/robot_pkg/install/robot_pkg', 'merge_install': False, 'path': '/home/tom/robot_ws/src/robot_pkg', 'symlink_install': False, 'test_result_base': None}
[0.341s] INFO:colcon.colcon_core.executor:Executing jobs using 'parallel' executor
[0.342s] DEBUG:colcon.colcon_parallel_executor.executor.parallel:run_until_complete
[0.342s] INFO:colcon.colcon_ros.task.ament_cmake.build:Building ROS package in '/home/tom/robot_ws/src/robot_pkg' with build type 'ament_cmake'
[0.342s] INFO:colcon.colcon_cmake.task.cmake.build:Building CMake package in '/home/tom/robot_ws/src/robot_pkg'
[0.344s] INFO:colcon.colcon_core.plugin_system:Skipping extension 'colcon_core.shell.bat': Not used on non-Windows systems
[0.344s] INFO:colcon.colcon_core.shell:Skip shell extension 'powershell' for command environment: Not usable outside of PowerShell
[0.344s] DEBUG:colcon.colcon_core.shell:Skip shell extension 'dsv' for command environment
[0.356s] DEBUG:colcon.colcon_core.event_handler.log_command:Invoking command in '/home/tom/robot_ws/src/robot_pkg/build/robot_pkg': CMAKE_PREFIX_PATH=/opt/ros/humble /usr/bin/cmake /home/tom/robot_ws/src/robot_pkg -DCMAKE_INSTALL_PREFIX=/home/tom/robot_ws/src/robot_pkg/install/robot_pkg
[1.368s] DEBUG:colcon.colcon_core.event_handler.log_command:Invoked command in '/home/tom/robot_ws/src/robot_pkg/build/robot_pkg' returned '0': CMAKE_PREFIX_PATH=/opt/ros/humble /usr/bin/cmake /home/tom/robot_ws/src/robot_pkg -DCMAKE_INSTALL_PREFIX=/home/tom/robot_ws/src/robot_pkg/install/robot_pkg
[1.369s] DEBUG:colcon.colcon_core.event_handler.log_command:Invoking command in '/home/tom/robot_ws/src/robot_pkg/build/robot_pkg': CMAKE_PREFIX_PATH=/opt/ros/humble /usr/bin/cmake --build /home/tom/robot_ws/src/robot_pkg/build/robot_pkg -- -j2 -l2
[1.412s] DEBUG:colcon.colcon_core.event_handler.log_command:Invoked command in '/home/tom/robot_ws/src/robot_pkg/build/robot_pkg' returned '0': CMAKE_PREFIX_PATH=/opt/ros/humble /usr/bin/cmake --build /home/tom/robot_ws/src/robot_pkg/build/robot_pkg -- -j2 -l2
[1.453s] DEBUG:colcon.colcon_core.event_handler.log_command:Invoking command in '/home/tom/robot_ws/src/robot_pkg/build/robot_pkg': CMAKE_PREFIX_PATH=/opt/ros/humble /usr/bin/cmake --install /home/tom/robot_ws/src/robot_pkg/build/robot_pkg
[1.484s] Level 1:colcon.colcon_core.environment:create_environment_scripts_only(robot_pkg)
[1.485s] DEBUG:colcon.colcon_core.event_handler.log_command:Invoked command in '/home/tom/robot_ws/src/robot_pkg/build/robot_pkg' returned '0': CMAKE_PREFIX_PATH=/opt/ros/humble /usr/bin/cmake --install /home/tom/robot_ws/src/robot_pkg/build/robot_pkg
[1.492s] Level 1:colcon.colcon_core.environment:checking '/home/tom/robot_ws/src/robot_pkg/install/robot_pkg' for CMake module files
[1.493s] Level 1:colcon.colcon_core.environment:checking '/home/tom/robot_ws/src/robot_pkg/install/robot_pkg' for CMake config files
[1.493s] Level 1:colcon.colcon_core.shell:create_environment_hook('robot_pkg', 'cmake_prefix_path')
[1.493s] INFO:colcon.colcon_core.shell:Creating environment hook '/home/tom/robot_ws/src/robot_pkg/install/robot_pkg/share/robot_pkg/hook/cmake_prefix_path.ps1'
[1.495s] INFO:colcon.colcon_core.shell:Creating environment descriptor '/home/tom/robot_ws/src/robot_pkg/install/robot_pkg/share/robot_pkg/hook/cmake_prefix_path.dsv'
[1.496s] INFO:colcon.colcon_core.shell:Creating environment hook '/home/tom/robot_ws/src/robot_pkg/install/robot_pkg/share/robot_pkg/hook/cmake_prefix_path.sh'
[1.498s] Level 1:colcon.colcon_core.environment:checking '/home/tom/robot_ws/src/robot_pkg/install/robot_pkg/bin'
[1.498s] Level 1:colcon.colcon_core.environment:checking '/home/tom/robot_ws/src/robot_pkg/install/robot_pkg/lib/pkgconfig/robot_pkg.pc'
[1.498s] Level 1:colcon.colcon_core.environment:checking '/home/tom/robot_ws/src/robot_pkg/install/robot_pkg/lib/python3.10/site-packages'
[1.498s] Level 1:colcon.colcon_core.environment:checking '/home/tom/robot_ws/src/robot_pkg/install/robot_pkg/bin'
[1.498s] INFO:colcon.colcon_core.shell:Creating package script '/home/tom/robot_ws/src/robot_pkg/install/robot_pkg/share/robot_pkg/package.ps1'
[1.500s] INFO:colcon.colcon_core.shell:Creating package descriptor '/home/tom/robot_ws/src/robot_pkg/install/robot_pkg/share/robot_pkg/package.dsv'
[1.501s] INFO:colcon.colcon_core.shell:Creating package script '/home/tom/robot_ws/src/robot_pkg/install/robot_pkg/share/robot_pkg/package.sh'
[1.502s] INFO:colcon.colcon_core.shell:Creating package script '/home/tom/robot_ws/src/robot_pkg/install/robot_pkg/share/robot_pkg/package.bash'
[1.504s] INFO:colcon.colcon_core.shell:Creating package script '/home/tom/robot_ws/src/robot_pkg/install/robot_pkg/share/robot_pkg/package.zsh'
[1.505s] Level 1:colcon.colcon_core.environment:create_file_with_runtime_dependencies(/home/tom/robot_ws/src/robot_pkg/install/robot_pkg/share/colcon-core/packages/robot_pkg)
[1.535s] Level 1:colcon.colcon_core.environment:create_environment_scripts_only(robot_pkg)
[1.536s] Level 1:colcon.colcon_core.environment:checking '/home/tom/robot_ws/src/robot_pkg/install/robot_pkg' for CMake module files
[1.536s] Level 1:colcon.colcon_core.environment:checking '/home/tom/robot_ws/src/robot_pkg/install/robot_pkg' for CMake config files
[1.536s] Level 1:colcon.colcon_core.shell:create_environment_hook('robot_pkg', 'cmake_prefix_path')
[1.537s] INFO:colcon.colcon_core.shell:Creating environment hook '/home/tom/robot_ws/src/robot_pkg/install/robot_pkg/share/robot_pkg/hook/cmake_prefix_path.ps1'
[1.537s] INFO:colcon.colcon_core.shell:Creating environment descriptor '/home/tom/robot_ws/src/robot_pkg/install/robot_pkg/share/robot_pkg/hook/cmake_prefix_path.dsv'
[1.538s] INFO:colcon.colcon_core.shell:Creating environment hook '/home/tom/robot_ws/src/robot_pkg/install/robot_pkg/share/robot_pkg/hook/cmake_prefix_path.sh'
[1.538s] Level 1:colcon.colcon_core.environment:checking '/home/tom/robot_ws/src/robot_pkg/install/robot_pkg/bin'
[1.538s] Level 1:colcon.colcon_core.environment:checking '/home/tom/robot_ws/src/robot_pkg/install/robot_pkg/lib/pkgconfig/robot_pkg.pc'
[1.538s] Level 1:colcon.colcon_core.environment:checking '/home/tom/robot_ws/src/robot_pkg/install/robot_pkg/lib/python3.10/site-packages'
[1.539s] Level 1:colcon.colcon_core.environment:checking '/home/tom/robot_ws/src/robot_pkg/install/robot_pkg/bin'
[1.539s] INFO:colcon.colcon_core.shell:Creating package script '/home/tom/robot_ws/src/robot_pkg/install/robot_pkg/share/robot_pkg/package.ps1'
[1.539s] INFO:colcon.colcon_core.shell:Creating package descriptor '/home/tom/robot_ws/src/robot_pkg/install/robot_pkg/share/robot_pkg/package.dsv'
[1.540s] INFO:colcon.colcon_core.shell:Creating package script '/home/tom/robot_ws/src/robot_pkg/install/robot_pkg/share/robot_pkg/package.sh'
[1.541s] INFO:colcon.colcon_core.shell:Creating package script '/home/tom/robot_ws/src/robot_pkg/install/robot_pkg/share/robot_pkg/package.bash'
[1.541s] INFO:colcon.colcon_core.shell:Creating package script '/home/tom/robot_ws/src/robot_pkg/install/robot_pkg/share/robot_pkg/package.zsh'
[1.541s] Level 1:colcon.colcon_core.environment:create_file_with_runtime_dependencies(/home/tom/robot_ws/src/robot_pkg/install/robot_pkg/share/colcon-core/packages/robot_pkg)
[1.542s] DEBUG:colcon.colcon_parallel_executor.executor.parallel:closing loop
[1.542s] DEBUG:colcon.colcon_parallel_executor.executor.parallel:loop closed
[1.543s] DEBUG:colcon.colcon_parallel_executor.executor.parallel:run_until_complete finished with '0'
[1.543s] DEBUG:colcon.colcon_core.event_reactor:joining thread
[1.547s] INFO:colcon.colcon_core.plugin_system:Skipping extension 'colcon_notification.desktop_notification.terminal_notifier': Not used on non-Darwin systems
[1.547s] INFO:colcon.colcon_core.plugin_system:Skipping extension 'colcon_notification.desktop_notification.win32': Not used on non-Windows systems
[1.547s] INFO:colcon.colcon_notification.desktop_notification:Sending desktop notification using 'notify2'
[1.561s] DEBUG:colcon.colcon_core.event_reactor:joined thread
[1.561s] INFO:colcon.colcon_core.shell:Creating prefix script '/home/tom/robot_ws/src/robot_pkg/install/local_setup.ps1'
[1.562s] INFO:colcon.colcon_core.shell:Creating prefix util module '/home/tom/robot_ws/src/robot_pkg/install/_local_setup_util_ps1.py'
[1.563s] INFO:colcon.colcon_core.shell:Creating prefix chain script '/home/tom/robot_ws/src/robot_pkg/install/setup.ps1'
[1.564s] INFO:colcon.colcon_core.shell:Creating prefix script '/home/tom/robot_ws/src/robot_pkg/install/local_setup.sh'
[1.564s] INFO:colcon.colcon_core.shell:Creating prefix util module '/home/tom/robot_ws/src/robot_pkg/install/_local_setup_util_sh.py'
[1.564s] INFO:colcon.colcon_core.shell:Creating prefix chain script '/home/tom/robot_ws/src/robot_pkg/install/setup.sh'
[1.565s] INFO:colcon.colcon_core.shell:Creating prefix script '/home/tom/robot_ws/src/robot_pkg/install/local_setup.bash'
[1.566s] INFO:colcon.colcon_core.shell:Creating prefix chain script '/home/tom/robot_ws/src/robot_pkg/install/setup.bash'
[1.567s] INFO:colcon.colcon_core.shell:Creating prefix script '/home/tom/robot_ws/src/robot_pkg/install/local_setup.zsh'
[1.567s] INFO:colcon.colcon_core.shell:Creating prefix chain script '/home/tom/robot_ws/src/robot_pkg/install/setup.zsh'
