[0.007s] Invoking command in '/home/tom/ros2_ws/build/examples_rclcpp_minimal_publisher': CMAKE_PREFIX_PATH=/opt/ros/humble /usr/bin/cmake /home/tom/ros2_ws/src/examples/rclcpp/topics/minimal_publisher -DAMENT_CMAKE_SYMLINK_INSTALL=1 -DCMAKE_INSTALL_PREFIX=/home/tom/ros2_ws/install/examples_rclcpp_minimal_publisher
[0.071s] -- The C compiler identification is GNU 11.4.0
[0.133s] -- The CXX compiler identification is GNU 11.4.0
[0.140s] -- Detecting C compiler ABI info
[0.236s] -- Detecting C compiler ABI info - done
[0.247s] -- Check for working C compiler: /usr/bin/cc - skipped
[0.247s] -- Detecting C compile features
[0.247s] -- Detecting C compile features - done
[0.248s] -- Detecting CXX compiler ABI info
[0.389s] -- Detecting CXX compiler ABI info - done
[0.399s] -- Check for working CXX compiler: /usr/bin/c++ - skipped
[0.399s] -- Detecting CXX compile features
[0.399s] -- Detecting CXX compile features - done
[0.401s] -- Found ament_cmake: 1.3.9 (/opt/ros/humble/share/ament_cmake/cmake)
[0.574s] -- Found Python3: /usr/bin/python3 (found version "3.10.12") found components: Interpreter 
[0.631s] -- Override CMake install command with custom implementation using symlinks instead of copying resources
[0.652s] -- Found rclcpp: 16.0.9 (/opt/ros/humble/share/rclcpp/cmake)
[0.689s] -- Found rosidl_generator_c: 3.1.5 (/opt/ros/humble/share/rosidl_generator_c/cmake)
[0.693s] -- Found rosidl_adapter: 3.1.5 (/opt/ros/humble/share/rosidl_adapter/cmake)
[0.700s] -- Found rosidl_generator_cpp: 3.1.5 (/opt/ros/humble/share/rosidl_generator_cpp/cmake)
[0.713s] -- Using all available rosidl_typesupport_c: rosidl_typesupport_fastrtps_c;rosidl_typesupport_introspection_c
[0.732s] -- Using all available rosidl_typesupport_cpp: rosidl_typesupport_fastrtps_cpp;rosidl_typesupport_introspection_cpp
[0.801s] -- Found rmw_implementation_cmake: 6.1.2 (/opt/ros/humble/share/rmw_implementation_cmake/cmake)
[0.802s] -- Found rmw_fastrtps_cpp: 6.2.6 (/opt/ros/humble/share/rmw_fastrtps_cpp/cmake)
[0.937s] -- Found OpenSSL: /usr/lib/x86_64-linux-gnu/libcrypto.so (found version "3.0.2")  
[0.967s] -- Found FastRTPS: /opt/ros/humble/include  
[1.019s] -- Using RMW implementation 'rmw_fastrtps_cpp' as default
[1.027s] -- Looking for pthread.h
[1.148s] -- Looking for pthread.h - found
[1.150s] -- Performing Test CMAKE_HAVE_LIBC_PTHREAD
[1.253s] -- Performing Test CMAKE_HAVE_LIBC_PTHREAD - Success
[1.254s] -- Found Threads: TRUE  
[1.416s] -- Found ament_lint_auto: 0.12.11 (/opt/ros/humble/share/ament_lint_auto/cmake)
[1.491s] -- Added test 'copyright' to check source files copyright and LICENSE
[1.492s] -- Added test 'cppcheck' to perform static code analysis on C / C++ code
[1.492s] -- Configured cppcheck include dirs: 
[1.493s] -- Configured cppcheck exclude dirs and/or files: 
[1.493s] -- Added test 'cpplint' to check C / C++ code against the Google style
[1.493s] -- Configured cpplint exclude dirs and/or files: 
[1.494s] -- Added test 'lint_cmake' to check CMake code style
[1.495s] -- Added test 'uncrustify' to check C / C++ code style
[1.495s] -- Configured uncrustify additional arguments: 
[1.495s] -- Added test 'xmllint' to check XML markup files
[1.496s] -- Configuring done
[1.517s] -- Generating done
[1.519s] -- Build files have been written to: /home/tom/ros2_ws/build/examples_rclcpp_minimal_publisher
[1.527s] Invoked command in '/home/tom/ros2_ws/build/examples_rclcpp_minimal_publisher' returned '0': CMAKE_PREFIX_PATH=/opt/ros/humble /usr/bin/cmake /home/tom/ros2_ws/src/examples/rclcpp/topics/minimal_publisher -DAMENT_CMAKE_SYMLINK_INSTALL=1 -DCMAKE_INSTALL_PREFIX=/home/tom/ros2_ws/install/examples_rclcpp_minimal_publisher
[1.528s] Invoking command in '/home/tom/ros2_ws/build/examples_rclcpp_minimal_publisher': CMAKE_PREFIX_PATH=/opt/ros/humble /usr/bin/cmake --build /home/tom/ros2_ws/build/examples_rclcpp_minimal_publisher -- -j2 -l2
[1.593s] [  8%] [32mBuilding CXX object CMakeFiles/publisher_lambda.dir/lambda.cpp.o[0m
[5.555s] [ 16%] [32m[1mLinking CXX executable publisher_lambda[0m
[5.727s] [ 16%] Built target publisher_lambda
[5.752s] [ 25%] [32mBuilding CXX object CMakeFiles/publisher_member_function.dir/member_function.cpp.o[0m
[9.767s] [ 33%] [32m[1mLinking CXX executable publisher_member_function[0m
[9.944s] [ 33%] Built target publisher_member_function
[9.970s] [ 41%] [32mBuilding CXX object CMakeFiles/publisher_member_function_with_type_adapter.dir/member_function_with_type_adapter.cpp.o[0m
[14.097s] [ 50%] [32m[1mLinking CXX executable publisher_member_function_with_type_adapter[0m
[14.272s] [ 50%] Built target publisher_member_function_with_type_adapter
[14.299s] [ 58%] [32mBuilding CXX object CMakeFiles/publisher_member_function_with_unique_network_flow_endpoints.dir/member_function_with_unique_network_flow_endpoints.cpp.o[0m
[19.224s] [ 66%] [32m[1mLinking CXX executable publisher_member_function_with_unique_network_flow_endpoints[0m
[19.405s] [ 66%] Built target publisher_member_function_with_unique_network_flow_endpoints
[19.433s] [ 75%] [32mBuilding CXX object CMakeFiles/publisher_wait_for_all_acked.dir/member_function_with_wait_for_all_acked.cpp.o[0m
[23.484s] [ 83%] [32m[1mLinking CXX executable publisher_wait_for_all_acked[0m
[23.662s] [ 83%] Built target publisher_wait_for_all_acked
[23.690s] [ 91%] [32mBuilding CXX object CMakeFiles/publisher_not_composable.dir/not_composable.cpp.o[0m
[27.755s] [100%] [32m[1mLinking CXX executable publisher_not_composable[0m
[27.935s] [100%] Built target publisher_not_composable
[27.947s] Invoked command in '/home/tom/ros2_ws/build/examples_rclcpp_minimal_publisher' returned '0': CMAKE_PREFIX_PATH=/opt/ros/humble /usr/bin/cmake --build /home/tom/ros2_ws/build/examples_rclcpp_minimal_publisher -- -j2 -l2
[28.021s] Invoking command in '/home/tom/ros2_ws/build/examples_rclcpp_minimal_publisher': CMAKE_PREFIX_PATH=/opt/ros/humble /usr/bin/cmake --install /home/tom/ros2_ws/build/examples_rclcpp_minimal_publisher
[28.032s] -- Install configuration: ""
[28.033s] -- Execute custom install script
[28.033s] -- Symlinking: /home/tom/ros2_ws/install/examples_rclcpp_minimal_publisher/lib/examples_rclcpp_minimal_publisher/publisher_lambda
[28.044s] -- Symlinking: /home/tom/ros2_ws/install/examples_rclcpp_minimal_publisher/lib/examples_rclcpp_minimal_publisher/publisher_member_function
[28.055s] -- Symlinking: /home/tom/ros2_ws/install/examples_rclcpp_minimal_publisher/lib/examples_rclcpp_minimal_publisher/publisher_member_function_with_type_adapter
[28.065s] -- Symlinking: /home/tom/ros2_ws/install/examples_rclcpp_minimal_publisher/lib/examples_rclcpp_minimal_publisher/publisher_member_function_with_unique_network_flow_endpoints
[28.075s] -- Symlinking: /home/tom/ros2_ws/install/examples_rclcpp_minimal_publisher/lib/examples_rclcpp_minimal_publisher/publisher_wait_for_all_acked
[28.085s] -- Symlinking: /home/tom/ros2_ws/install/examples_rclcpp_minimal_publisher/lib/examples_rclcpp_minimal_publisher/publisher_not_composable
[28.097s] -- Symlinking: /home/tom/ros2_ws/install/examples_rclcpp_minimal_publisher/share/ament_index/resource_index/package_run_dependencies/examples_rclcpp_minimal_publisher
[28.107s] -- Symlinking: /home/tom/ros2_ws/install/examples_rclcpp_minimal_publisher/share/ament_index/resource_index/parent_prefix_path/examples_rclcpp_minimal_publisher
[28.121s] -- Symlinking: /home/tom/ros2_ws/install/examples_rclcpp_minimal_publisher/share/examples_rclcpp_minimal_publisher/environment/ament_prefix_path.sh
[28.132s] -- Symlinking: /home/tom/ros2_ws/install/examples_rclcpp_minimal_publisher/share/examples_rclcpp_minimal_publisher/environment/ament_prefix_path.dsv
[28.143s] -- Symlinking: /home/tom/ros2_ws/install/examples_rclcpp_minimal_publisher/share/examples_rclcpp_minimal_publisher/environment/path.sh
[28.154s] -- Symlinking: /home/tom/ros2_ws/install/examples_rclcpp_minimal_publisher/share/examples_rclcpp_minimal_publisher/environment/path.dsv
[28.165s] -- Symlinking: /home/tom/ros2_ws/install/examples_rclcpp_minimal_publisher/share/examples_rclcpp_minimal_publisher/local_setup.bash
[28.175s] -- Symlinking: /home/tom/ros2_ws/install/examples_rclcpp_minimal_publisher/share/examples_rclcpp_minimal_publisher/local_setup.sh
[28.185s] -- Symlinking: /home/tom/ros2_ws/install/examples_rclcpp_minimal_publisher/share/examples_rclcpp_minimal_publisher/local_setup.zsh
[28.195s] -- Symlinking: /home/tom/ros2_ws/install/examples_rclcpp_minimal_publisher/share/examples_rclcpp_minimal_publisher/local_setup.dsv
[28.205s] -- Symlinking: /home/tom/ros2_ws/install/examples_rclcpp_minimal_publisher/share/examples_rclcpp_minimal_publisher/package.dsv
[28.215s] -- Symlinking: /home/tom/ros2_ws/install/examples_rclcpp_minimal_publisher/share/ament_index/resource_index/packages/examples_rclcpp_minimal_publisher
[28.229s] -- Symlinking: /home/tom/ros2_ws/install/examples_rclcpp_minimal_publisher/share/examples_rclcpp_minimal_publisher/cmake/examples_rclcpp_minimal_publisherConfig.cmake
[28.239s] -- Symlinking: /home/tom/ros2_ws/install/examples_rclcpp_minimal_publisher/share/examples_rclcpp_minimal_publisher/cmake/examples_rclcpp_minimal_publisherConfig-version.cmake
[28.249s] -- Symlinking: /home/tom/ros2_ws/install/examples_rclcpp_minimal_publisher/share/examples_rclcpp_minimal_publisher/package.xml
[28.266s] Invoked command in '/home/tom/ros2_ws/build/examples_rclcpp_minimal_publisher' returned '0': CMAKE_PREFIX_PATH=/opt/ros/humble /usr/bin/cmake --install /home/tom/ros2_ws/build/examples_rclcpp_minimal_publisher
